2023-11-21 00:00:39,571 [http-nio-9090-exec-1] INFO  o.f.teach.security.jwt.AuthTokenFilter             - /api/statistics/getMainPageData,admin,2023-11-21 00:00:39,0.005
2023-11-21 00:03:28,096 [http-nio-9090-exec-2] INFO  o.f.teach.security.jwt.AuthTokenFilter             - /api/statistics/getMainPageData,admin,2023-11-21 00:03:28,0.008
2023-11-21 10:33:35,710 [background-preinit] INFO  o.h.validator.internal.util.Version                - HV000001: Hibernate Validator 6.2.0.Final
2023-11-21 10:33:35,722 [main] INFO  o.f.t.SpringBootSecurityJwtApplication             - Starting SpringBootSecurityJwtApplication using Java 17.0.4.1 on 大本钟下寄快递 with PID 5076 (D:\web\teach-web\java-server\target\classes started by 19414 in D:\web\teach-web\java-server)
2023-11-21 10:33:35,723 [main] INFO  o.f.t.SpringBootSecurityJwtApplication             - No active profile set, falling back to default profiles: default
2023-11-21 10:33:36,931 [main] INFO  o.s.d.r.c.RepositoryConfigurationDelegate          - Multiple Spring Data modules found, entering strict repository configuration mode!
2023-11-21 10:33:36,932 [main] INFO  o.s.d.r.c.RepositoryConfigurationDelegate          - Bootstrapping Spring Data JPA repositories in DEFAULT mode.
2023-11-21 10:33:37,058 [main] INFO  o.s.d.r.c.RepositoryConfigurationDelegate          - Finished Spring Data repository scanning in 120 ms. Found 20 JPA repository interfaces.
2023-11-21 10:33:37,657 [main] INFO  o.s.c.s.PostProcessorRegistrationDelegate$BeanPostProcessorChecker - Bean 'org.springframework.security.access.expression.method.DefaultMethodSecurityExpressionHandler@5e0ec41f' of type [org.springframework.security.access.expression.method.DefaultMethodSecurityExpressionHandler] is not eligible for getting processed by all BeanPostProcessors (for example: not eligible for auto-proxying)
2023-11-21 10:33:37,660 [main] INFO  o.s.c.s.PostProcessorRegistrationDelegate$BeanPostProcessorChecker - Bean 'methodSecurityMetadataSource' of type [org.springframework.security.access.method.DelegatingMethodSecurityMetadataSource] is not eligible for getting processed by all BeanPostProcessors (for example: not eligible for auto-proxying)
2023-11-21 10:33:38,110 [main] INFO  o.s.b.w.embedded.tomcat.TomcatWebServer            - Tomcat initialized with port(s): 9090 (http)
2023-11-21 10:33:38,122 [main] INFO  o.apache.coyote.http11.Http11NioProtocol           - Initializing ProtocolHandler ["http-nio-9090"]
2023-11-21 10:33:38,122 [main] INFO  org.apache.catalina.core.StandardService           - Starting service [Tomcat]
2023-11-21 10:33:38,122 [main] INFO  org.apache.catalina.core.StandardEngine            - Starting Servlet engine: [Apache Tomcat/9.0.46]
2023-11-21 10:33:38,301 [main] INFO  o.a.c.c.C.[Tomcat].[localhost].[/]                 - Initializing Spring embedded WebApplicationContext
2023-11-21 10:33:38,301 [main] INFO  o.s.b.w.s.c.ServletWebServerApplicationContext     - Root WebApplicationContext: initialization completed in 2514 ms
2023-11-21 10:33:38,439 [main] WARN  o.s.b.a.o.j.JpaBaseConfiguration$JpaWebConfiguration - spring.jpa.open-in-view is enabled by default. Therefore, database queries may be performed during view rendering. Explicitly configure spring.jpa.open-in-view to disable this warning
2023-11-21 10:33:38,503 [main] INFO  com.zaxxer.hikari.HikariDataSource                 - HikariPool-1 - Starting...
2023-11-21 10:33:38,722 [main] INFO  com.zaxxer.hikari.HikariDataSource                 - HikariPool-1 - Start completed.
2023-11-21 10:33:38,865 [main] INFO  o.hibernate.jpa.internal.util.LogHelper            - HHH000204: Processing PersistenceUnitInfo [name: default]
2023-11-21 10:33:39,028 [main] INFO  org.hibernate.Version                              - HHH000412: Hibernate ORM core version 5.6.15.Final
2023-11-21 10:33:39,203 [main] INFO  org.hibernate.annotations.common.Version           - HCANN000001: Hibernate Commons Annotations {5.1.2.Final}
2023-11-21 10:33:39,337 [main] INFO  org.hibernate.dialect.Dialect                      - HHH000400: Using dialect: org.fatmansoft.teach.sqlite.SQLDialect
2023-11-21 10:33:40,093 [main] INFO  o.h.e.t.j.p.i.JtaPlatformInitiator                 - HHH000490: Using JtaPlatform implementation: [org.hibernate.engine.transaction.jta.platform.internal.NoJtaPlatform]
2023-11-21 10:33:40,101 [main] INFO  o.s.o.j.LocalContainerEntityManagerFactoryBean     - Initialized JPA EntityManagerFactory for persistence unit 'default'
2023-11-21 10:33:41,727 [main] INFO  o.s.b.a.w.s.WelcomePageHandlerMapping              - Adding welcome page: class path resource [public/index.html]
2023-11-21 10:33:41,869 [main] INFO  o.s.s.web.DefaultSecurityFilterChain               - Will secure any request with [org.springframework.security.web.context.request.async.WebAsyncManagerIntegrationFilter@15d68a50, org.springframework.security.web.context.SecurityContextPersistenceFilter@7712df76, org.springframework.security.web.header.HeaderWriterFilter@7ec176da, org.springframework.web.filter.CorsFilter@a1689e8, org.springframework.security.web.authentication.logout.LogoutFilter@2a9f7572, org.fatmansoft.teach.security.jwt.AuthTokenFilter@6d658aa8, org.springframework.security.web.savedrequest.RequestCacheAwareFilter@2c3d0ff8, org.springframework.security.web.servletapi.SecurityContextHolderAwareRequestFilter@574134ba, org.springframework.security.web.authentication.AnonymousAuthenticationFilter@4bb644dc, org.springframework.security.web.session.SessionManagementFilter@10664c3d, org.springframework.security.web.access.ExceptionTranslationFilter@c7b100b, org.springframework.security.web.access.intercept.FilterSecurityInterceptor@cef23a8]
2023-11-21 10:33:42,181 [main] INFO  o.apache.coyote.http11.Http11NioProtocol           - Starting ProtocolHandler ["http-nio-9090"]
2023-11-21 10:33:42,232 [main] INFO  o.s.b.w.embedded.tomcat.TomcatWebServer            - Tomcat started on port(s): 9090 (http) with context path ''
2023-11-21 10:33:42,243 [main] INFO  o.f.t.SpringBootSecurityJwtApplication             - Started SpringBootSecurityJwtApplication in 7.194 seconds (JVM running for 7.821)
2023-11-21 10:33:42,245 [main] INFO  o.f.teach.SystemApplicationListener                - SystemInitStart
2023-11-21 10:33:42,321 [main] INFO  o.f.teach.SystemApplicationListener                - systemInitEnd
2023-11-21 10:33:49,653 [http-nio-9090-exec-2] INFO  o.a.c.c.C.[Tomcat].[localhost].[/]                 - Initializing Spring DispatcherServlet 'dispatcherServlet'
2023-11-21 10:33:49,653 [http-nio-9090-exec-2] INFO  o.s.web.servlet.DispatcherServlet                  - Initializing Servlet 'dispatcherServlet'
2023-11-21 10:33:49,653 [http-nio-9090-exec-2] INFO  o.s.web.servlet.DispatcherServlet                  - Completed initialization in 0 ms
2023-11-21 10:33:50,108 [http-nio-9090-exec-2] INFO  o.f.teach.security.jwt.AuthTokenFilter             - /auth/getValidateCode,admin,2023-11-21 10:33:49,0.43
2023-11-21 10:33:59,440 [http-nio-9090-exec-1] INFO  o.f.teach.security.jwt.AuthTokenFilter             - /auth/testValidateInfo,admin,2023-11-21 10:33:59,0.006
2023-11-21 10:33:59,955 [http-nio-9090-exec-7] INFO  o.f.teach.security.jwt.AuthTokenFilter             - /auth/login,,2023-11-21 10:33:59,0.198
2023-11-21 10:34:00,040 [http-nio-9090-exec-9] INFO  o.f.teach.security.jwt.AuthTokenFilter             - /api/base/getMenuList,admin,2023-11-21 10:34:00,0.022
2023-11-21 10:34:00,378 [http-nio-9090-exec-5] INFO  o.f.teach.security.jwt.AuthTokenFilter             - /api/statistics/getMainPageData,admin,2023-11-21 10:34:00,0.024
2023-11-21 10:34:14,920 [http-nio-9090-exec-6] INFO  o.f.teach.security.jwt.AuthTokenFilter             - /api/statistics/getMainPageData,admin,2023-11-21 10:34:14,0.008
2023-11-21 10:36:56,198 [http-nio-9090-exec-8] INFO  o.f.teach.security.jwt.AuthTokenFilter             - /auth/getValidateCode,,2023-11-21 10:36:56,0.005
2023-11-21 10:36:56,303 [http-nio-9090-exec-4] INFO  o.f.teach.security.jwt.AuthTokenFilter             - /api/statistics/getMainPageData,admin,2023-11-21 10:36:56,0.01
2023-11-21 10:37:01,565 [http-nio-9090-exec-3] INFO  o.f.teach.security.jwt.AuthTokenFilter             - /auth/getValidateCode,admin,2023-11-21 10:37:01,0.01
2023-11-21 10:37:03,574 [http-nio-9090-exec-10] INFO  o.f.teach.security.jwt.AuthTokenFilter             - /auth/getValidateCode,admin,2023-11-21 10:37:03,0.021
2023-11-21 10:37:04,603 [http-nio-9090-exec-2] INFO  o.f.teach.security.jwt.AuthTokenFilter             - /auth/getValidateCode,admin,2023-11-21 10:37:04,0.021
2023-11-21 11:01:25,977 [http-nio-9090-exec-1] INFO  o.f.teach.security.jwt.AuthTokenFilter             - /api/statistics/getMainPageData,admin,2023-11-21 11:01:25,0.01
2023-11-21 11:01:28,925 [http-nio-9090-exec-7] INFO  o.f.teach.security.jwt.AuthTokenFilter             - /auth/getValidateCode,admin,2023-11-21 11:01:28,0.022
2023-11-21 11:01:36,771 [http-nio-9090-exec-9] INFO  o.f.teach.security.jwt.AuthTokenFilter             - /auth/getValidateCode,admin,2023-11-21 11:01:36,0.005
2023-11-21 11:02:54,953 [http-nio-9090-exec-5] INFO  o.f.teach.security.jwt.AuthTokenFilter             - /auth/getValidateCode,,2023-11-21 11:02:54,0.005
2023-11-21 11:02:55,821 [http-nio-9090-exec-6] INFO  o.f.teach.security.jwt.AuthTokenFilter             - /auth/getValidateCode,admin,2023-11-21 11:02:55,0.013
2023-11-21 11:02:57,892 [http-nio-9090-exec-8] INFO  o.f.teach.security.jwt.AuthTokenFilter             - /auth/getValidateCode,admin,2023-11-21 11:02:57,0.011
2023-11-21 11:03:05,284 [http-nio-9090-exec-4] INFO  o.f.teach.security.jwt.AuthTokenFilter             - /auth/getValidateCode,,2023-11-21 11:03:05,0.013
2023-11-21 11:03:06,949 [http-nio-9090-exec-3] INFO  o.f.teach.security.jwt.AuthTokenFilter             - /auth/getValidateCode,admin,2023-11-21 11:03:06,0.017
2023-11-21 11:04:15,932 [http-nio-9090-exec-10] INFO  o.f.teach.security.jwt.AuthTokenFilter             - /auth/getValidateCode,admin,2023-11-21 11:04:15,0.017
2023-11-21 11:04:19,782 [http-nio-9090-exec-2] INFO  o.f.teach.security.jwt.AuthTokenFilter             - /auth/getValidateCode,admin,2023-11-21 11:04:19,0.01
2023-11-21 11:04:27,150 [http-nio-9090-exec-1] INFO  o.f.teach.security.jwt.AuthTokenFilter             - /auth/getValidateCode,admin,2023-11-21 11:04:27,0.027
2023-11-21 11:06:35,346 [http-nio-9090-exec-7] INFO  o.f.teach.security.jwt.AuthTokenFilter             - /auth/getValidateCode,,2023-11-21 11:06:35,0.014
2023-11-21 11:06:36,064 [http-nio-9090-exec-9] INFO  o.f.teach.security.jwt.AuthTokenFilter             - /auth/getValidateCode,admin,2023-11-21 11:06:36,0.02
2023-11-21 11:06:46,593 [http-nio-9090-exec-5] INFO  o.f.teach.security.jwt.AuthTokenFilter             - /auth/getValidateCode,,2023-11-21 11:06:46,0.013
2023-11-21 11:06:48,015 [http-nio-9090-exec-6] INFO  o.f.teach.security.jwt.AuthTokenFilter             - /auth/getValidateCode,admin,2023-11-21 11:06:47,0.021
2023-11-21 11:17:47,809 [http-nio-9090-exec-8] INFO  o.f.teach.security.jwt.AuthTokenFilter             - /auth/getValidateCode,admin,2023-11-21 11:17:47,0.008
2023-11-21 11:17:53,191 [http-nio-9090-exec-4] INFO  o.f.teach.security.jwt.AuthTokenFilter             - /auth/testValidateInfo,admin,2023-11-21 11:17:53,0.007
2023-11-21 11:17:53,283 [http-nio-9090-exec-3] INFO  o.f.teach.security.jwt.AuthTokenFilter             - /auth/login,,2023-11-21 11:17:53,0.084
2023-11-21 11:17:53,597 [http-nio-9090-exec-10] INFO  o.f.teach.security.jwt.AuthTokenFilter             - /api/base/getMenuList,admin,2023-11-21 11:17:53,0.0
2023-11-21 11:17:53,956 [http-nio-9090-exec-2] INFO  o.f.teach.security.jwt.AuthTokenFilter             - /api/statistics/getMainPageData,admin,2023-11-21 11:17:53,0.008
2023-11-21 11:20:13,573 [http-nio-9090-exec-1] INFO  o.f.teach.security.jwt.AuthTokenFilter             - /api/statistics/getMainPageData,admin,2023-11-21 11:20:13,0.01
2023-11-21 11:20:14,793 [http-nio-9090-exec-7] INFO  o.f.teach.security.jwt.AuthTokenFilter             - /auth/getValidateCode,admin,2023-11-21 11:20:14,0.009
2023-11-21 11:20:17,250 [http-nio-9090-exec-9] INFO  o.f.teach.security.jwt.AuthTokenFilter             - /auth/getValidateCode,admin,2023-11-21 11:20:17,0.01
2023-11-21 11:20:18,287 [http-nio-9090-exec-5] INFO  o.f.teach.security.jwt.AuthTokenFilter             - /auth/getValidateCode,admin,2023-11-21 11:20:18,0.007
2023-11-21 11:20:19,316 [http-nio-9090-exec-6] INFO  o.f.teach.security.jwt.AuthTokenFilter             - /auth/getValidateCode,admin,2023-11-21 11:20:19,0.008
2023-11-21 11:21:08,266 [http-nio-9090-exec-8] INFO  o.f.teach.security.jwt.AuthTokenFilter             - /auth/getValidateCode,admin,2023-11-21 11:21:08,0.007
2023-11-21 11:21:08,569 [http-nio-9090-exec-4] INFO  o.f.teach.security.jwt.AuthTokenFilter             - /auth/getValidateCode,admin,2023-11-21 11:21:08,0.021
2023-11-21 11:21:08,662 [http-nio-9090-exec-3] INFO  o.f.teach.security.jwt.AuthTokenFilter             - /auth/getValidateCode,admin,2023-11-21 11:21:08,0.024
2023-11-21 11:21:08,909 [http-nio-9090-exec-10] INFO  o.f.teach.security.jwt.AuthTokenFilter             - /auth/getValidateCode,admin,2023-11-21 11:21:08,0.014
2023-11-21 11:21:08,994 [http-nio-9090-exec-2] INFO  o.f.teach.security.jwt.AuthTokenFilter             - /auth/getValidateCode,admin,2023-11-21 11:21:08,0.014
2023-11-21 11:21:09,256 [http-nio-9090-exec-1] INFO  o.f.teach.security.jwt.AuthTokenFilter             - /auth/getValidateCode,admin,2023-11-21 11:21:09,0.01
2023-11-21 11:21:09,339 [http-nio-9090-exec-7] INFO  o.f.teach.security.jwt.AuthTokenFilter             - /auth/getValidateCode,admin,2023-11-21 11:21:09,0.008
2023-11-21 11:21:09,627 [http-nio-9090-exec-9] INFO  o.f.teach.security.jwt.AuthTokenFilter             - /auth/getValidateCode,admin,2023-11-21 11:21:09,0.019
2023-11-21 11:21:09,664 [http-nio-9090-exec-5] INFO  o.f.teach.security.jwt.AuthTokenFilter             - /auth/getValidateCode,admin,2023-11-21 11:21:09,0.006
2023-11-21 11:21:09,966 [http-nio-9090-exec-6] INFO  o.f.teach.security.jwt.AuthTokenFilter             - /auth/getValidateCode,admin,2023-11-21 11:21:09,0.018
2023-11-21 11:21:09,992 [http-nio-9090-exec-8] INFO  o.f.teach.security.jwt.AuthTokenFilter             - /auth/getValidateCode,admin,2023-11-21 11:21:09,0.008
2023-11-21 11:21:10,325 [http-nio-9090-exec-4] INFO  o.f.teach.security.jwt.AuthTokenFilter             - /auth/getValidateCode,admin,2023-11-21 11:21:10,0.017
2023-11-21 11:21:10,585 [http-nio-9090-exec-3] INFO  o.f.teach.security.jwt.AuthTokenFilter             - /auth/getValidateCode,admin,2023-11-21 11:21:10,0.018
2023-11-21 11:21:10,652 [http-nio-9090-exec-10] INFO  o.f.teach.security.jwt.AuthTokenFilter             - /auth/getValidateCode,admin,2023-11-21 11:21:10,0.005
2023-11-21 11:21:10,930 [http-nio-9090-exec-2] INFO  o.f.teach.security.jwt.AuthTokenFilter             - /auth/getValidateCode,admin,2023-11-21 11:21:10,0.017
2023-11-21 11:21:10,984 [http-nio-9090-exec-1] INFO  o.f.teach.security.jwt.AuthTokenFilter             - /auth/getValidateCode,admin,2023-11-21 11:21:10,0.004
2023-11-21 11:21:11,246 [http-nio-9090-exec-7] INFO  o.f.teach.security.jwt.AuthTokenFilter             - /auth/getValidateCode,admin,2023-11-21 11:21:11,0.007
2023-11-21 11:21:11,306 [http-nio-9090-exec-9] INFO  o.f.teach.security.jwt.AuthTokenFilter             - /auth/getValidateCode,admin,2023-11-21 11:21:11,0.005
2023-11-21 11:21:11,575 [http-nio-9090-exec-5] INFO  o.f.teach.security.jwt.AuthTokenFilter             - /auth/getValidateCode,admin,2023-11-21 11:21:11,0.019
2023-11-21 11:21:11,627 [http-nio-9090-exec-6] INFO  o.f.teach.security.jwt.AuthTokenFilter             - /auth/getValidateCode,admin,2023-11-21 11:21:11,0.006
2023-11-21 11:21:11,906 [http-nio-9090-exec-8] INFO  o.f.teach.security.jwt.AuthTokenFilter             - /auth/getValidateCode,admin,2023-11-21 11:21:11,0.015
2023-11-21 11:21:11,956 [http-nio-9090-exec-4] INFO  o.f.teach.security.jwt.AuthTokenFilter             - /auth/getValidateCode,admin,2023-11-21 11:21:11,0.008
2023-11-21 11:21:12,218 [http-nio-9090-exec-3] INFO  o.f.teach.security.jwt.AuthTokenFilter             - /auth/getValidateCode,admin,2023-11-21 11:21:12,0.0
2023-11-21 11:21:12,288 [http-nio-9090-exec-10] INFO  o.f.teach.security.jwt.AuthTokenFilter             - /auth/getValidateCode,admin,2023-11-21 11:21:12,0.005
2023-11-21 11:21:12,549 [http-nio-9090-exec-2] INFO  o.f.teach.security.jwt.AuthTokenFilter             - /auth/getValidateCode,admin,2023-11-21 11:21:12,0.006
2023-11-21 11:21:12,616 [http-nio-9090-exec-1] INFO  o.f.teach.security.jwt.AuthTokenFilter             - /auth/getValidateCode,admin,2023-11-21 11:21:12,0.007
2023-11-21 11:21:12,875 [http-nio-9090-exec-7] INFO  o.f.teach.security.jwt.AuthTokenFilter             - /auth/getValidateCode,admin,2023-11-21 11:21:12,0.016
2023-11-21 11:21:12,950 [http-nio-9090-exec-9] INFO  o.f.teach.security.jwt.AuthTokenFilter             - /auth/getValidateCode,admin,2023-11-21 11:21:12,0.005
2023-11-21 11:21:13,216 [http-nio-9090-exec-5] INFO  o.f.teach.security.jwt.AuthTokenFilter             - /auth/getValidateCode,admin,2023-11-21 11:21:13,0.018
2023-11-21 11:21:13,263 [http-nio-9090-exec-6] INFO  o.f.teach.security.jwt.AuthTokenFilter             - /auth/getValidateCode,admin,2023-11-21 11:21:13,0.0
2023-11-21 11:21:13,550 [http-nio-9090-exec-8] INFO  o.f.teach.security.jwt.AuthTokenFilter             - /auth/getValidateCode,admin,2023-11-21 11:21:13,0.019
2023-11-21 11:21:13,593 [http-nio-9090-exec-4] INFO  o.f.teach.security.jwt.AuthTokenFilter             - /auth/getValidateCode,admin,2023-11-21 11:21:13,0.0
2023-11-21 11:21:13,888 [http-nio-9090-exec-3] INFO  o.f.teach.security.jwt.AuthTokenFilter             - /auth/getValidateCode,admin,2023-11-21 11:21:13,0.017
2023-11-21 11:21:13,927 [http-nio-9090-exec-10] INFO  o.f.teach.security.jwt.AuthTokenFilter             - /auth/getValidateCode,admin,2023-11-21 11:21:13,0.007
2023-11-21 11:21:14,221 [http-nio-9090-exec-2] INFO  o.f.teach.security.jwt.AuthTokenFilter             - /auth/getValidateCode,admin,2023-11-21 11:21:14,0.02
2023-11-21 11:21:14,255 [http-nio-9090-exec-1] INFO  o.f.teach.security.jwt.AuthTokenFilter             - /auth/getValidateCode,admin,2023-11-21 11:21:14,0.004
2023-11-21 11:21:14,549 [http-nio-9090-exec-7] INFO  o.f.teach.security.jwt.AuthTokenFilter             - /auth/getValidateCode,admin,2023-11-21 11:21:14,0.014
2023-11-21 11:21:14,586 [http-nio-9090-exec-9] INFO  o.f.teach.security.jwt.AuthTokenFilter             - /auth/getValidateCode,admin,2023-11-21 11:21:14,0.004
2023-11-21 11:21:14,882 [http-nio-9090-exec-5] INFO  o.f.teach.security.jwt.AuthTokenFilter             - /auth/getValidateCode,admin,2023-11-21 11:21:14,0.018
2023-11-21 11:21:14,919 [http-nio-9090-exec-6] INFO  o.f.teach.security.jwt.AuthTokenFilter             - /auth/getValidateCode,admin,2023-11-21 11:21:14,0.007
2023-11-21 11:21:15,216 [http-nio-9090-exec-8] INFO  o.f.teach.security.jwt.AuthTokenFilter             - /auth/getValidateCode,admin,2023-11-21 11:21:15,0.019
2023-11-21 11:21:15,239 [http-nio-9090-exec-4] INFO  o.f.teach.security.jwt.AuthTokenFilter             - /auth/getValidateCode,admin,2023-11-21 11:21:15,0.0
2023-11-21 11:21:15,542 [http-nio-9090-exec-3] INFO  o.f.teach.security.jwt.AuthTokenFilter             - /auth/getValidateCode,admin,2023-11-21 11:21:15,0.017
2023-11-21 11:21:15,567 [http-nio-9090-exec-10] INFO  o.f.teach.security.jwt.AuthTokenFilter             - /auth/getValidateCode,admin,2023-11-21 11:21:15,0.006
2023-11-21 11:21:15,869 [http-nio-9090-exec-2] INFO  o.f.teach.security.jwt.AuthTokenFilter             - /auth/getValidateCode,admin,2023-11-21 11:21:15,0.017
2023-11-21 11:21:15,894 [http-nio-9090-exec-1] INFO  o.f.teach.security.jwt.AuthTokenFilter             - /auth/getValidateCode,admin,2023-11-21 11:21:15,0.005
2023-11-21 11:21:16,203 [http-nio-9090-exec-7] INFO  o.f.teach.security.jwt.AuthTokenFilter             - /auth/getValidateCode,admin,2023-11-21 11:21:16,0.013
2023-11-21 11:21:16,223 [http-nio-9090-exec-9] INFO  o.f.teach.security.jwt.AuthTokenFilter             - /auth/getValidateCode,admin,2023-11-21 11:21:16,0.004
2023-11-21 11:21:16,568 [http-nio-9090-exec-5] INFO  o.f.teach.security.jwt.AuthTokenFilter             - /auth/getValidateCode,admin,2023-11-21 11:21:16,0.015
2023-11-21 11:21:16,823 [http-nio-9090-exec-6] INFO  o.f.teach.security.jwt.AuthTokenFilter             - /auth/getValidateCode,admin,2023-11-21 11:21:16,0.018
2023-11-21 11:21:16,900 [http-nio-9090-exec-8] INFO  o.f.teach.security.jwt.AuthTokenFilter             - /auth/getValidateCode,admin,2023-11-21 11:21:16,0.016
2023-11-21 11:21:17,155 [http-nio-9090-exec-4] INFO  o.f.teach.security.jwt.AuthTokenFilter             - /auth/getValidateCode,admin,2023-11-21 11:21:17,0.019
2023-11-21 11:21:17,223 [http-nio-9090-exec-3] INFO  o.f.teach.security.jwt.AuthTokenFilter             - /auth/getValidateCode,admin,2023-11-21 11:21:17,0.007
2023-11-21 11:21:17,501 [http-nio-9090-exec-10] INFO  o.f.teach.security.jwt.AuthTokenFilter             - /auth/getValidateCode,admin,2023-11-21 11:21:17,0.014
2023-11-21 11:21:17,540 [http-nio-9090-exec-2] INFO  o.f.teach.security.jwt.AuthTokenFilter             - /auth/getValidateCode,admin,2023-11-21 11:21:17,0.006
2023-11-21 11:21:17,852 [http-nio-9090-exec-1] INFO  o.f.teach.security.jwt.AuthTokenFilter             - /auth/getValidateCode,admin,2023-11-21 11:21:17,0.016
2023-11-21 11:21:17,888 [http-nio-9090-exec-7] INFO  o.f.teach.security.jwt.AuthTokenFilter             - /auth/getValidateCode,admin,2023-11-21 11:21:17,0.005
2023-11-21 11:21:18,248 [http-nio-9090-exec-9] INFO  o.f.teach.security.jwt.AuthTokenFilter             - /auth/getValidateCode,admin,2023-11-21 11:21:18,0.013
2023-11-21 11:21:18,480 [http-nio-9090-exec-5] INFO  o.f.teach.security.jwt.AuthTokenFilter             - /auth/getValidateCode,admin,2023-11-21 11:21:18,0.008
2023-11-21 11:21:18,597 [http-nio-9090-exec-6] INFO  o.f.teach.security.jwt.AuthTokenFilter             - /auth/getValidateCode,admin,2023-11-21 11:21:18,0.012
2023-11-21 11:21:18,819 [http-nio-9090-exec-8] INFO  o.f.teach.security.jwt.AuthTokenFilter             - /auth/getValidateCode,admin,2023-11-21 11:21:18,0.015
2023-11-21 11:21:18,961 [http-nio-9090-exec-4] INFO  o.f.teach.security.jwt.AuthTokenFilter             - /auth/getValidateCode,admin,2023-11-21 11:21:18,0.014
2023-11-21 11:21:19,166 [http-nio-9090-exec-3] INFO  o.f.teach.security.jwt.AuthTokenFilter             - /auth/getValidateCode,admin,2023-11-21 11:21:19,0.014
2023-11-21 11:21:19,310 [http-nio-9090-exec-10] INFO  o.f.teach.security.jwt.AuthTokenFilter             - /auth/getValidateCode,admin,2023-11-21 11:21:19,0.017
2023-11-21 11:21:19,501 [http-nio-9090-exec-2] INFO  o.f.teach.security.jwt.AuthTokenFilter             - /auth/getValidateCode,admin,2023-11-21 11:21:19,0.015
2023-11-21 11:21:19,643 [http-nio-9090-exec-1] INFO  o.f.teach.security.jwt.AuthTokenFilter             - /auth/getValidateCode,admin,2023-11-21 11:21:19,0.014
2023-11-21 11:21:19,824 [http-nio-9090-exec-7] INFO  o.f.teach.security.jwt.AuthTokenFilter             - /auth/getValidateCode,admin,2023-11-21 11:21:19,0.006
2023-11-21 11:21:19,993 [http-nio-9090-exec-9] INFO  o.f.teach.security.jwt.AuthTokenFilter             - /auth/getValidateCode,admin,2023-11-21 11:21:19,0.017
2023-11-21 11:21:20,151 [http-nio-9090-exec-5] INFO  o.f.teach.security.jwt.AuthTokenFilter             - /auth/getValidateCode,admin,2023-11-21 11:21:20,0.016
2023-11-21 11:21:20,339 [http-nio-9090-exec-6] INFO  o.f.teach.security.jwt.AuthTokenFilter             - /auth/getValidateCode,admin,2023-11-21 11:21:20,0.014
2023-11-21 11:21:20,486 [http-nio-9090-exec-8] INFO  o.f.teach.security.jwt.AuthTokenFilter             - /auth/getValidateCode,admin,2023-11-21 11:21:20,0.019
2023-11-21 11:21:20,705 [http-nio-9090-exec-4] INFO  o.f.teach.security.jwt.AuthTokenFilter             - /auth/getValidateCode,admin,2023-11-21 11:21:20,0.012
2023-11-21 11:21:20,821 [http-nio-9090-exec-3] INFO  o.f.teach.security.jwt.AuthTokenFilter             - /auth/getValidateCode,admin,2023-11-21 11:21:20,0.018
2023-11-21 11:21:21,057 [http-nio-9090-exec-10] INFO  o.f.teach.security.jwt.AuthTokenFilter             - /auth/getValidateCode,admin,2023-11-21 11:21:21,0.018
2023-11-21 11:21:21,131 [http-nio-9090-exec-2] INFO  o.f.teach.security.jwt.AuthTokenFilter             - /auth/getValidateCode,admin,2023-11-21 11:21:21,0.0
2023-11-21 11:21:21,413 [http-nio-9090-exec-1] INFO  o.f.teach.security.jwt.AuthTokenFilter             - /auth/getValidateCode,admin,2023-11-21 11:21:21,0.016
2023-11-21 11:21:21,467 [http-nio-9090-exec-7] INFO  o.f.teach.security.jwt.AuthTokenFilter             - /auth/getValidateCode,admin,2023-11-21 11:21:21,0.005
2023-11-21 11:21:21,761 [http-nio-9090-exec-9] INFO  o.f.teach.security.jwt.AuthTokenFilter             - /auth/getValidateCode,admin,2023-11-21 11:21:21,0.016
2023-11-21 11:21:21,790 [http-nio-9090-exec-5] INFO  o.f.teach.security.jwt.AuthTokenFilter             - /auth/getValidateCode,admin,2023-11-21 11:21:21,0.006
2023-11-21 11:21:22,149 [http-nio-9090-exec-6] INFO  o.f.teach.security.jwt.AuthTokenFilter             - /auth/getValidateCode,admin,2023-11-21 11:21:22,0.009
2023-11-21 11:21:22,403 [http-nio-9090-exec-8] INFO  o.f.teach.security.jwt.AuthTokenFilter             - /auth/getValidateCode,admin,2023-11-21 11:21:22,0.015
2023-11-21 11:21:22,494 [http-nio-9090-exec-4] INFO  o.f.teach.security.jwt.AuthTokenFilter             - /auth/getValidateCode,admin,2023-11-21 11:21:22,0.013
2023-11-21 11:21:22,732 [http-nio-9090-exec-3] INFO  o.f.teach.security.jwt.AuthTokenFilter             - /auth/getValidateCode,admin,2023-11-21 11:21:22,0.016
2023-11-21 11:21:22,854 [http-nio-9090-exec-10] INFO  o.f.teach.security.jwt.AuthTokenFilter             - /auth/getValidateCode,admin,2023-11-21 11:21:22,0.013
2023-11-21 11:21:23,063 [http-nio-9090-exec-2] INFO  o.f.teach.security.jwt.AuthTokenFilter             - /auth/getValidateCode,admin,2023-11-21 11:21:23,0.017
2023-11-21 11:21:23,225 [http-nio-9090-exec-1] INFO  o.f.teach.security.jwt.AuthTokenFilter             - /auth/getValidateCode,admin,2023-11-21 11:21:23,0.021
2023-11-21 11:21:23,397 [http-nio-9090-exec-7] INFO  o.f.teach.security.jwt.AuthTokenFilter             - /auth/getValidateCode,admin,2023-11-21 11:21:23,0.012
2023-11-21 11:21:23,569 [http-nio-9090-exec-9] INFO  o.f.teach.security.jwt.AuthTokenFilter             - /auth/getValidateCode,admin,2023-11-21 11:21:23,0.014
2023-11-21 11:21:23,724 [http-nio-9090-exec-5] INFO  o.f.teach.security.jwt.AuthTokenFilter             - /auth/getValidateCode,admin,2023-11-21 11:21:23,0.006
2023-11-21 11:21:23,918 [http-nio-9090-exec-6] INFO  o.f.teach.security.jwt.AuthTokenFilter             - /auth/getValidateCode,admin,2023-11-21 11:21:23,0.004
2023-11-21 11:21:24,053 [http-nio-9090-exec-8] INFO  o.f.teach.security.jwt.AuthTokenFilter             - /auth/getValidateCode,admin,2023-11-21 11:21:24,0.004
2023-11-21 11:21:24,259 [http-nio-9090-exec-4] INFO  o.f.teach.security.jwt.AuthTokenFilter             - /auth/getValidateCode,admin,2023-11-21 11:21:24,0.006
2023-11-21 11:21:24,395 [http-nio-9090-exec-3] INFO  o.f.teach.security.jwt.AuthTokenFilter             - /auth/getValidateCode,admin,2023-11-21 11:21:24,0.018
2023-11-21 11:21:24,610 [http-nio-9090-exec-10] INFO  o.f.teach.security.jwt.AuthTokenFilter             - /auth/getValidateCode,admin,2023-11-21 11:21:24,0.015
2023-11-21 11:21:24,719 [http-nio-9090-exec-2] INFO  o.f.teach.security.jwt.AuthTokenFilter             - /auth/getValidateCode,admin,2023-11-21 11:21:24,0.007
2023-11-21 11:21:24,951 [http-nio-9090-exec-1] INFO  o.f.teach.security.jwt.AuthTokenFilter             - /auth/getValidateCode,admin,2023-11-21 11:21:24,0.018
2023-11-21 11:21:25,057 [http-nio-9090-exec-7] INFO  o.f.teach.security.jwt.AuthTokenFilter             - /auth/getValidateCode,admin,2023-11-21 11:21:25,0.024
2023-11-21 11:21:25,305 [http-nio-9090-exec-9] INFO  o.f.teach.security.jwt.AuthTokenFilter             - /auth/getValidateCode,admin,2023-11-21 11:21:25,0.017
2023-11-21 11:21:25,373 [http-nio-9090-exec-5] INFO  o.f.teach.security.jwt.AuthTokenFilter             - /auth/getValidateCode,admin,2023-11-21 11:21:25,0.006
2023-11-21 11:21:25,638 [http-nio-9090-exec-6] INFO  o.f.teach.security.jwt.AuthTokenFilter             - /auth/getValidateCode,admin,2023-11-21 11:21:25,0.011
2023-11-21 11:21:25,694 [http-nio-9090-exec-8] INFO  o.f.teach.security.jwt.AuthTokenFilter             - /auth/getValidateCode,admin,2023-11-21 11:21:25,0.006
2023-11-21 11:21:25,979 [http-nio-9090-exec-4] INFO  o.f.teach.security.jwt.AuthTokenFilter             - /auth/getValidateCode,admin,2023-11-21 11:21:25,0.012
2023-11-21 11:21:26,010 [http-nio-9090-exec-3] INFO  o.f.teach.security.jwt.AuthTokenFilter             - /auth/getValidateCode,admin,2023-11-21 11:21:26,0.005
2023-11-21 11:21:26,317 [http-nio-9090-exec-10] INFO  o.f.teach.security.jwt.AuthTokenFilter             - /auth/getValidateCode,admin,2023-11-21 11:21:26,0.013
2023-11-21 11:21:26,337 [http-nio-9090-exec-2] INFO  o.f.teach.security.jwt.AuthTokenFilter             - /auth/getValidateCode,admin,2023-11-21 11:21:26,0.007
2023-11-21 11:21:26,669 [http-nio-9090-exec-1] INFO  o.f.teach.security.jwt.AuthTokenFilter             - /auth/getValidateCode,admin,2023-11-21 11:21:26,0.018
2023-11-21 11:21:26,941 [http-nio-9090-exec-7] INFO  o.f.teach.security.jwt.AuthTokenFilter             - /auth/getValidateCode,admin,2023-11-21 11:21:26,0.017
2023-11-21 11:21:27,463 [http-nio-9090-exec-9] INFO  o.f.teach.security.jwt.AuthTokenFilter             - /auth/getValidateCode,admin,2023-11-21 11:21:27,0.006
2023-11-21 11:21:27,480 [http-nio-9090-exec-5] INFO  o.f.teach.security.jwt.AuthTokenFilter             - /auth/getValidateCode,admin,2023-11-21 11:21:27,0.006
2023-11-21 11:21:27,517 [http-nio-9090-exec-6] INFO  o.f.teach.security.jwt.AuthTokenFilter             - /auth/getValidateCode,admin,2023-11-21 11:21:27,0.006
2023-11-21 11:21:27,548 [http-nio-9090-exec-8] INFO  o.f.teach.security.jwt.AuthTokenFilter             - /auth/getValidateCode,admin,2023-11-21 11:21:27,0.007
2023-11-21 11:21:27,584 [http-nio-9090-exec-4] INFO  o.f.teach.security.jwt.AuthTokenFilter             - /auth/getValidateCode,admin,2023-11-21 11:21:27,0.007
2023-11-21 11:21:27,663 [http-nio-9090-exec-3] INFO  o.f.teach.security.jwt.AuthTokenFilter             - /auth/getValidateCode,admin,2023-11-21 11:21:27,0.008
2023-11-21 11:21:27,984 [http-nio-9090-exec-10] INFO  o.f.teach.security.jwt.AuthTokenFilter             - /auth/getValidateCode,admin,2023-11-21 11:21:27,0.005
2023-11-21 11:21:28,263 [http-nio-9090-exec-2] INFO  o.f.teach.security.jwt.AuthTokenFilter             - /auth/getValidateCode,admin,2023-11-21 11:21:28,0.017
2023-11-21 11:21:28,312 [http-nio-9090-exec-1] INFO  o.f.teach.security.jwt.AuthTokenFilter             - /auth/getValidateCode,admin,2023-11-21 11:21:28,0.005
2023-11-21 11:21:28,603 [http-nio-9090-exec-7] INFO  o.f.teach.security.jwt.AuthTokenFilter             - /auth/getValidateCode,admin,2023-11-21 11:21:28,0.024
2023-11-21 11:21:28,628 [http-nio-9090-exec-9] INFO  o.f.teach.security.jwt.AuthTokenFilter             - /auth/getValidateCode,admin,2023-11-21 11:21:28,0.0
2023-11-21 11:21:28,925 [http-nio-9090-exec-5] INFO  o.f.teach.security.jwt.AuthTokenFilter             - /auth/getValidateCode,admin,2023-11-21 11:21:28,0.007
2023-11-21 11:21:28,954 [http-nio-9090-exec-6] INFO  o.f.teach.security.jwt.AuthTokenFilter             - /auth/getValidateCode,admin,2023-11-21 11:21:28,0.006
2023-11-21 11:21:29,256 [http-nio-9090-exec-8] INFO  o.f.teach.security.jwt.AuthTokenFilter             - /auth/getValidateCode,admin,2023-11-21 11:21:29,0.017
2023-11-21 11:21:29,280 [http-nio-9090-exec-4] INFO  o.f.teach.security.jwt.AuthTokenFilter             - /auth/getValidateCode,admin,2023-11-21 11:21:29,0.006
2023-11-21 11:21:29,610 [http-nio-9090-exec-3] INFO  o.f.teach.security.jwt.AuthTokenFilter             - /auth/getValidateCode,admin,2023-11-21 11:21:29,0.014
2023-11-21 11:21:29,870 [http-nio-9090-exec-10] INFO  o.f.teach.security.jwt.AuthTokenFilter             - /auth/getValidateCode,admin,2023-11-21 11:21:29,0.016
2023-11-21 11:21:29,942 [http-nio-9090-exec-2] INFO  o.f.teach.security.jwt.AuthTokenFilter             - /auth/getValidateCode,admin,2023-11-21 11:21:29,0.009
2023-11-21 11:21:30,186 [http-nio-9090-exec-1] INFO  o.f.teach.security.jwt.AuthTokenFilter             - /auth/getValidateCode,admin,2023-11-21 11:21:30,0.0
2023-11-21 11:21:30,264 [http-nio-9090-exec-7] INFO  o.f.teach.security.jwt.AuthTokenFilter             - /auth/getValidateCode,admin,2023-11-21 11:21:30,0.0
2023-11-21 11:21:30,516 [http-nio-9090-exec-9] INFO  o.f.teach.security.jwt.AuthTokenFilter             - /auth/getValidateCode,admin,2023-11-21 11:21:30,0.014
2023-11-21 11:21:30,610 [http-nio-9090-exec-5] INFO  o.f.teach.security.jwt.AuthTokenFilter             - /auth/getValidateCode,admin,2023-11-21 11:21:30,0.013
2023-11-21 11:21:30,852 [http-nio-9090-exec-6] INFO  o.f.teach.security.jwt.AuthTokenFilter             - /auth/getValidateCode,admin,2023-11-21 11:21:30,0.014
2023-11-21 11:21:30,931 [http-nio-9090-exec-8] INFO  o.f.teach.security.jwt.AuthTokenFilter             - /auth/getValidateCode,admin,2023-11-21 11:21:30,0.0
2023-11-21 11:21:31,199 [http-nio-9090-exec-4] INFO  o.f.teach.security.jwt.AuthTokenFilter             - /auth/getValidateCode,admin,2023-11-21 11:21:31,0.015
2023-11-21 11:21:31,261 [http-nio-9090-exec-3] INFO  o.f.teach.security.jwt.AuthTokenFilter             - /auth/getValidateCode,admin,2023-11-21 11:21:31,0.0
2023-11-21 11:21:31,533 [http-nio-9090-exec-10] INFO  o.f.teach.security.jwt.AuthTokenFilter             - /auth/getValidateCode,admin,2023-11-21 11:21:31,0.018
2023-11-21 11:21:31,593 [http-nio-9090-exec-2] INFO  o.f.teach.security.jwt.AuthTokenFilter             - /auth/getValidateCode,admin,2023-11-21 11:21:31,0.0
2023-11-21 11:21:31,861 [http-nio-9090-exec-1] INFO  o.f.teach.security.jwt.AuthTokenFilter             - /auth/getValidateCode,admin,2023-11-21 11:21:31,0.016
2023-11-21 11:21:31,925 [http-nio-9090-exec-7] INFO  o.f.teach.security.jwt.AuthTokenFilter             - /auth/getValidateCode,admin,2023-11-21 11:21:31,0.0
2023-11-21 11:21:32,194 [http-nio-9090-exec-9] INFO  o.f.teach.security.jwt.AuthTokenFilter             - /auth/getValidateCode,admin,2023-11-21 11:21:32,0.016
2023-11-21 11:21:32,290 [http-nio-9090-exec-5] INFO  o.f.teach.security.jwt.AuthTokenFilter             - /auth/getValidateCode,admin,2023-11-21 11:21:32,0.017
2023-11-21 11:21:32,540 [http-nio-9090-exec-6] INFO  o.f.teach.security.jwt.AuthTokenFilter             - /auth/getValidateCode,admin,2023-11-21 11:21:32,0.014
2023-11-21 11:21:32,650 [http-nio-9090-exec-8] INFO  o.f.teach.security.jwt.AuthTokenFilter             - /auth/getValidateCode,admin,2023-11-21 11:21:32,0.014
2023-11-21 11:21:32,872 [http-nio-9090-exec-4] INFO  o.f.teach.security.jwt.AuthTokenFilter             - /auth/getValidateCode,admin,2023-11-21 11:21:32,0.014
2023-11-21 11:21:32,967 [http-nio-9090-exec-3] INFO  o.f.teach.security.jwt.AuthTokenFilter             - /auth/getValidateCode,admin,2023-11-21 11:21:32,0.0
2023-11-21 11:21:33,203 [http-nio-9090-exec-10] INFO  o.f.teach.security.jwt.AuthTokenFilter             - /auth/getValidateCode,admin,2023-11-21 11:21:33,0.016
2023-11-21 11:21:33,330 [http-nio-9090-exec-2] INFO  o.f.teach.security.jwt.AuthTokenFilter             - /auth/getValidateCode,admin,2023-11-21 11:21:33,0.016
2023-11-21 11:21:33,536 [http-nio-9090-exec-1] INFO  o.f.teach.security.jwt.AuthTokenFilter             - /auth/getValidateCode,admin,2023-11-21 11:21:33,0.011
2023-11-21 11:21:33,677 [http-nio-9090-exec-7] INFO  o.f.teach.security.jwt.AuthTokenFilter             - /auth/getValidateCode,admin,2023-11-21 11:21:33,0.016
2023-11-21 11:21:33,867 [http-nio-9090-exec-9] INFO  o.f.teach.security.jwt.AuthTokenFilter             - /auth/getValidateCode,admin,2023-11-21 11:21:33,0.014
2023-11-21 11:21:33,994 [http-nio-9090-exec-5] INFO  o.f.teach.security.jwt.AuthTokenFilter             - /auth/getValidateCode,admin,2023-11-21 11:21:33,0.0
2023-11-21 11:21:34,190 [http-nio-9090-exec-6] INFO  o.f.teach.security.jwt.AuthTokenFilter             - /auth/getValidateCode,admin,2023-11-21 11:21:34,0.006
2023-11-21 11:21:34,325 [http-nio-9090-exec-8] INFO  o.f.teach.security.jwt.AuthTokenFilter             - /auth/getValidateCode,admin,2023-11-21 11:21:34,0.0
2023-11-21 11:21:34,499 [http-nio-9090-exec-4] INFO  o.f.teach.security.jwt.AuthTokenFilter             - /auth/getValidateCode,admin,2023-11-21 11:21:34,0.0
2023-11-21 11:21:34,672 [http-nio-9090-exec-3] INFO  o.f.teach.security.jwt.AuthTokenFilter             - /auth/getValidateCode,admin,2023-11-21 11:21:34,0.016
2023-11-21 11:21:34,847 [http-nio-9090-exec-10] INFO  o.f.teach.security.jwt.AuthTokenFilter             - /auth/getValidateCode,admin,2023-11-21 11:21:34,0.015
2023-11-21 11:21:35,021 [http-nio-9090-exec-2] INFO  o.f.teach.security.jwt.AuthTokenFilter             - /auth/getValidateCode,admin,2023-11-21 11:21:35,0.016
2023-11-21 11:21:35,185 [http-nio-9090-exec-1] INFO  o.f.teach.security.jwt.AuthTokenFilter             - /auth/getValidateCode,admin,2023-11-21 11:21:35,0.019
2023-11-21 11:21:35,364 [http-nio-9090-exec-7] INFO  o.f.teach.security.jwt.AuthTokenFilter             - /auth/getValidateCode,admin,2023-11-21 11:21:35,0.015
2023-11-21 11:21:35,523 [http-nio-9090-exec-9] INFO  o.f.teach.security.jwt.AuthTokenFilter             - /auth/getValidateCode,admin,2023-11-21 11:21:35,0.016
2023-11-21 11:21:35,700 [http-nio-9090-exec-5] INFO  o.f.teach.security.jwt.AuthTokenFilter             - /auth/getValidateCode,admin,2023-11-21 11:21:35,0.009
2023-11-21 11:21:35,883 [http-nio-9090-exec-6] INFO  o.f.teach.security.jwt.AuthTokenFilter             - /auth/getValidateCode,admin,2023-11-21 11:21:35,0.016
2023-11-21 11:21:35,937 [http-nio-9090-exec-8] INFO  o.f.teach.security.jwt.AuthTokenFilter             - /auth/getValidateCode,admin,2023-11-21 11:21:35,0.007
2023-11-21 11:21:36,051 [http-nio-9090-exec-4] INFO  o.f.teach.security.jwt.AuthTokenFilter             - /auth/getValidateCode,admin,2023-11-21 11:21:36,0.018
2023-11-21 11:22:43,890 [http-nio-9090-exec-3] INFO  o.f.teach.security.jwt.AuthTokenFilter             - /auth/getValidateCode,admin,2023-11-21 11:22:43,0.017
2023-11-21 11:22:48,892 [http-nio-9090-exec-10] INFO  o.f.teach.security.jwt.AuthTokenFilter             - /auth/testValidateInfo,admin,2023-11-21 11:22:48,0.005
2023-11-21 11:22:49,307 [http-nio-9090-exec-2] INFO  o.f.teach.security.jwt.AuthTokenFilter             - /auth/login,,2023-11-21 11:22:49,0.099
2023-11-21 11:22:49,481 [http-nio-9090-exec-1] INFO  o.f.teach.security.jwt.AuthTokenFilter             - /api/base/getMenuList,admin,2023-11-21 11:22:49,0.006
2023-11-21 11:22:49,704 [http-nio-9090-exec-7] INFO  o.f.teach.security.jwt.AuthTokenFilter             - /api/statistics/getMainPageData,admin,2023-11-21 11:22:49,0.007
2023-11-21 11:22:54,148 [http-nio-9090-exec-9] INFO  o.f.teach.security.jwt.AuthTokenFilter             - /auth/getValidateCode,admin,2023-11-21 11:22:54,0.016
2023-11-21 11:24:15,948 [http-nio-9090-exec-5] INFO  o.f.teach.security.jwt.AuthTokenFilter             - /auth/getValidateCode,admin,2023-11-21 11:24:15,0.01
2023-11-21 11:24:20,768 [http-nio-9090-exec-6] INFO  o.f.teach.security.jwt.AuthTokenFilter             - /auth/testValidateInfo,admin,2023-11-21 11:24:20,0.004
2023-11-21 11:24:20,871 [http-nio-9090-exec-8] INFO  o.f.teach.security.jwt.AuthTokenFilter             - /auth/login,,2023-11-21 11:24:20,0.094
2023-11-21 11:24:20,881 [http-nio-9090-exec-4] INFO  o.f.teach.security.jwt.AuthTokenFilter             - /api/base/getMenuList,admin,2023-11-21 11:24:20,0.001
2023-11-21 11:24:20,967 [http-nio-9090-exec-3] INFO  o.f.teach.security.jwt.AuthTokenFilter             - /api/statistics/getMainPageData,admin,2023-11-21 11:24:20,0.005
2023-11-21 11:24:27,692 [http-nio-9090-exec-10] INFO  o.f.teach.security.jwt.AuthTokenFilter             - /api/statistics/getMainPageData,admin,2023-11-21 11:24:27,0.005
2023-11-21 11:24:29,614 [http-nio-9090-exec-2] INFO  o.f.teach.security.jwt.AuthTokenFilter             - /auth/getValidateCode,admin,2023-11-21 11:24:29,0.005
2023-11-21 11:24:37,948 [http-nio-9090-exec-1] INFO  o.f.teach.security.jwt.AuthTokenFilter             - /auth/getValidateCode,admin,2023-11-21 11:24:37,0.005
2023-11-21 11:24:41,498 [http-nio-9090-exec-7] INFO  o.f.teach.security.jwt.AuthTokenFilter             - /auth/testValidateInfo,admin,2023-11-21 11:24:41,0.006
2023-11-21 11:24:41,585 [http-nio-9090-exec-9] INFO  o.f.teach.security.jwt.AuthTokenFilter             - /auth/login,,2023-11-21 11:24:41,0.08
2023-11-21 11:24:41,597 [http-nio-9090-exec-5] INFO  o.f.teach.security.jwt.AuthTokenFilter             - /api/base/getMenuList,admin,2023-11-21 11:24:41,0.005
2023-11-21 11:24:41,942 [http-nio-9090-exec-6] INFO  o.f.teach.security.jwt.AuthTokenFilter             - /auth/getValidateCode,admin,2023-11-21 11:24:41,0.013
2023-11-21 11:24:42,029 [http-nio-9090-exec-8] INFO  o.f.teach.security.jwt.AuthTokenFilter             - /api/statistics/getMainPageData,admin,2023-11-21 11:24:42,0.004
2023-11-21 11:24:43,078 [http-nio-9090-exec-4] INFO  o.f.teach.security.jwt.AuthTokenFilter             - /auth/getValidateCode,admin,2023-11-21 11:24:43,0.016
2023-11-21 11:24:44,629 [http-nio-9090-exec-3] INFO  o.f.teach.security.jwt.AuthTokenFilter             - /auth/getValidateCode,admin,2023-11-21 11:24:44,0.017
2023-11-21 11:24:55,517 [http-nio-9090-exec-10] INFO  o.f.teach.security.jwt.AuthTokenFilter             - /auth/getValidateCode,admin,2023-11-21 11:24:55,0.009
2023-11-21 11:24:56,890 [http-nio-9090-exec-2] INFO  o.f.teach.security.jwt.AuthTokenFilter             - /auth/getValidateCode,admin,2023-11-21 11:24:56,0.017
2023-11-21 11:24:57,897 [http-nio-9090-exec-1] INFO  o.f.teach.security.jwt.AuthTokenFilter             - /auth/getValidateCode,admin,2023-11-21 11:24:57,0.016
2023-11-21 11:25:09,704 [http-nio-9090-exec-7] INFO  o.f.teach.security.jwt.AuthTokenFilter             - /auth/getValidateCode,admin,2023-11-21 11:25:09,0.008
2023-11-21 11:25:21,642 [http-nio-9090-exec-9] INFO  o.f.teach.security.jwt.AuthTokenFilter             - /auth/getValidateCode,admin,2023-11-21 11:25:21,0.007
2023-11-21 11:25:23,923 [http-nio-9090-exec-5] INFO  o.f.teach.security.jwt.AuthTokenFilter             - /auth/getValidateCode,admin,2023-11-21 11:25:23,0.006
2023-11-21 11:25:24,836 [http-nio-9090-exec-6] INFO  o.f.teach.security.jwt.AuthTokenFilter             - /auth/getValidateCode,admin,2023-11-21 11:25:24,0.007
2023-11-21 11:25:25,570 [http-nio-9090-exec-8] INFO  o.f.teach.security.jwt.AuthTokenFilter             - /auth/getValidateCode,admin,2023-11-21 11:25:25,0.005
2023-11-21 11:25:26,325 [http-nio-9090-exec-4] INFO  o.f.teach.security.jwt.AuthTokenFilter             - /auth/getValidateCode,admin,2023-11-21 11:25:26,0.006
2023-11-21 11:25:26,944 [http-nio-9090-exec-3] INFO  o.f.teach.security.jwt.AuthTokenFilter             - /auth/getValidateCode,admin,2023-11-21 11:25:26,0.008
2023-11-21 11:25:27,577 [http-nio-9090-exec-10] INFO  o.f.teach.security.jwt.AuthTokenFilter             - /auth/getValidateCode,admin,2023-11-21 11:25:27,0.023
2023-11-21 11:25:28,080 [http-nio-9090-exec-2] INFO  o.f.teach.security.jwt.AuthTokenFilter             - /auth/getValidateCode,admin,2023-11-21 11:25:28,0.006
2023-11-21 11:25:28,694 [http-nio-9090-exec-1] INFO  o.f.teach.security.jwt.AuthTokenFilter             - /auth/getValidateCode,admin,2023-11-21 11:25:28,0.015
2023-11-21 11:25:29,299 [http-nio-9090-exec-7] INFO  o.f.teach.security.jwt.AuthTokenFilter             - /auth/getValidateCode,admin,2023-11-21 11:25:29,0.005
2023-11-21 11:25:29,996 [http-nio-9090-exec-9] INFO  o.f.teach.security.jwt.AuthTokenFilter             - /auth/getValidateCode,admin,2023-11-21 11:25:29,0.015
2023-11-21 11:25:41,624 [http-nio-9090-exec-5] INFO  o.f.teach.security.jwt.AuthTokenFilter             - /auth/testValidateInfo,admin,2023-11-21 11:25:41,0.005
2023-11-21 11:25:41,709 [http-nio-9090-exec-6] INFO  o.f.teach.security.jwt.AuthTokenFilter             - /auth/login,,2023-11-21 11:25:41,0.078
2023-11-21 11:25:42,039 [http-nio-9090-exec-8] INFO  o.f.teach.security.jwt.AuthTokenFilter             - /api/base/getMenuList,admin,2023-11-21 11:25:42,0.007
2023-11-21 11:25:42,391 [http-nio-9090-exec-4] INFO  o.f.teach.security.jwt.AuthTokenFilter             - /api/statistics/getMainPageData,admin,2023-11-21 11:25:42,0.007
2023-11-21 11:25:45,269 [http-nio-9090-exec-3] INFO  o.f.teach.security.jwt.AuthTokenFilter             - /auth/getValidateCode,admin,2023-11-21 11:25:45,0.016
2023-11-21 11:26:19,950 [http-nio-9090-exec-10] INFO  o.f.teach.security.jwt.AuthTokenFilter             - /auth/getValidateCode,admin,2023-11-21 11:26:19,0.019
2023-11-21 11:27:50,899 [http-nio-9090-exec-2] INFO  o.f.teach.security.jwt.AuthTokenFilter             - /auth/getValidateCode,admin,2023-11-21 11:27:50,0.007
2023-11-21 11:28:02,719 [http-nio-9090-exec-1] INFO  o.f.teach.security.jwt.AuthTokenFilter             - /auth/getValidateCode,admin,2023-11-21 11:28:02,0.005
2023-11-21 11:29:52,112 [http-nio-9090-exec-7] INFO  o.f.teach.security.jwt.AuthTokenFilter             - /auth/getValidateCode,admin,2023-11-21 11:29:52,0.006
2023-11-21 11:29:57,220 [http-nio-9090-exec-9] INFO  o.f.teach.security.jwt.AuthTokenFilter             - /auth/getValidateCode,admin,2023-11-21 11:29:57,0.016
2023-11-21 11:33:50,109 [http-nio-9090-exec-5] INFO  o.f.teach.security.jwt.AuthTokenFilter             - /auth/getValidateCode,admin,2023-11-21 11:33:50,0.007
2023-11-21 11:33:52,076 [http-nio-9090-exec-6] INFO  o.f.teach.security.jwt.AuthTokenFilter             - /auth/getValidateCode,admin,2023-11-21 11:33:52,0.004
2023-11-21 11:33:53,042 [http-nio-9090-exec-8] INFO  o.f.teach.security.jwt.AuthTokenFilter             - /auth/getValidateCode,admin,2023-11-21 11:33:53,0.018
2023-11-21 11:33:53,468 [http-nio-9090-exec-4] INFO  o.f.teach.security.jwt.AuthTokenFilter             - /auth/getValidateCode,admin,2023-11-21 11:33:53,0.007
2023-11-21 11:33:54,242 [http-nio-9090-exec-3] INFO  o.f.teach.security.jwt.AuthTokenFilter             - /auth/getValidateCode,admin,2023-11-21 11:33:54,0.011
2023-11-21 11:33:54,825 [http-nio-9090-exec-10] INFO  o.f.teach.security.jwt.AuthTokenFilter             - /auth/getValidateCode,admin,2023-11-21 11:33:54,0.016
2023-11-21 11:33:55,314 [http-nio-9090-exec-2] INFO  o.f.teach.security.jwt.AuthTokenFilter             - /auth/getValidateCode,admin,2023-11-21 11:33:55,0.004
2023-11-21 11:33:55,995 [http-nio-9090-exec-1] INFO  o.f.teach.security.jwt.AuthTokenFilter             - /auth/getValidateCode,admin,2023-11-21 11:33:55,0.008
2023-11-21 11:34:01,626 [http-nio-9090-exec-7] INFO  o.f.teach.security.jwt.AuthTokenFilter             - /auth/getValidateCode,admin,2023-11-21 11:34:01,0.0
2023-11-21 11:34:40,235 [http-nio-9090-exec-9] INFO  o.f.teach.security.jwt.AuthTokenFilter             - /auth/getValidateCode,admin,2023-11-21 11:34:40,0.02
2023-11-21 11:34:44,039 [http-nio-9090-exec-5] INFO  o.f.teach.security.jwt.AuthTokenFilter             - /auth/getValidateCode,admin,2023-11-21 11:34:44,0.016
2023-11-21 11:34:44,974 [http-nio-9090-exec-6] INFO  o.f.teach.security.jwt.AuthTokenFilter             - /auth/getValidateCode,admin,2023-11-21 11:34:44,0.006
2023-11-21 11:34:48,584 [http-nio-9090-exec-8] INFO  o.f.teach.security.jwt.AuthTokenFilter             - /auth/getValidateCode,admin,2023-11-21 11:34:48,0.005
2023-11-21 11:59:39,960 [http-nio-9090-exec-4] INFO  o.f.teach.security.jwt.AuthTokenFilter             - /auth/getValidateCode,admin,2023-11-21 11:59:39,0.007
2023-11-21 11:59:40,994 [http-nio-9090-exec-3] INFO  o.f.teach.security.jwt.AuthTokenFilter             - /auth/getValidateCode,admin,2023-11-21 11:59:40,0.02
2023-11-21 11:59:46,004 [http-nio-9090-exec-10] INFO  o.f.teach.security.jwt.AuthTokenFilter             - /auth/getValidateCode,admin,2023-11-21 11:59:45,0.006
2023-11-21 11:59:51,369 [http-nio-9090-exec-2] INFO  o.f.teach.security.jwt.AuthTokenFilter             - /auth/testValidateInfo,admin,2023-11-21 11:59:51,0.003
2023-11-21 11:59:51,767 [http-nio-9090-exec-1] INFO  o.f.teach.security.jwt.AuthTokenFilter             - /auth/login,,2023-11-21 11:59:51,0.087
2023-11-21 11:59:51,954 [http-nio-9090-exec-7] INFO  o.f.teach.security.jwt.AuthTokenFilter             - /api/base/getMenuList,admin,2023-11-21 11:59:51,0.008
2023-11-21 11:59:52,086 [http-nio-9090-exec-9] INFO  o.f.teach.security.jwt.AuthTokenFilter             - /auth/getValidateCode,admin,2023-11-21 11:59:52,0.006
2023-11-21 11:59:52,380 [http-nio-9090-exec-5] INFO  o.f.teach.security.jwt.AuthTokenFilter             - /api/statistics/getMainPageData,admin,2023-11-21 11:59:52,0.006
2023-11-21 12:13:52,089 [http-nio-9090-exec-6] INFO  o.f.teach.security.jwt.AuthTokenFilter             - /api/statistics/getMainPageData,admin,2023-11-21 12:13:52,0.009
2023-11-21 12:32:50,881 [http-nio-9090-exec-8] INFO  o.f.teach.security.jwt.AuthTokenFilter             - /api/statistics/getMainPageData,admin,2023-11-21 12:32:50,0.006
2023-11-21 12:33:40,301 [SpringApplicationShutdownHook] INFO  o.s.o.j.LocalContainerEntityManagerFactoryBean     - Closing JPA EntityManagerFactory for persistence unit 'default'
2023-11-21 12:33:40,316 [SpringApplicationShutdownHook] INFO  com.zaxxer.hikari.HikariDataSource                 - HikariPool-1 - Shutdown initiated...
2023-11-21 12:33:40,316 [SpringApplicationShutdownHook] INFO  com.zaxxer.hikari.HikariDataSource                 - HikariPool-1 - Shutdown completed.
2023-11-21 22:50:07,278 [background-preinit] INFO  o.h.validator.internal.util.Version                - HV000001: Hibernate Validator 6.2.0.Final
2023-11-21 22:50:07,290 [main] INFO  o.f.t.SpringBootSecurityJwtApplication             - Starting SpringBootSecurityJwtApplication using Java 17.0.4.1 on 大本钟下寄快递 with PID 7712 (D:\web\teach-web\java-server\target\classes started by 19414 in D:\web\teach-web\java-server)
2023-11-21 22:50:07,291 [main] INFO  o.f.t.SpringBootSecurityJwtApplication             - No active profile set, falling back to default profiles: default
2023-11-21 22:50:08,916 [main] INFO  o.s.d.r.c.RepositoryConfigurationDelegate          - Multiple Spring Data modules found, entering strict repository configuration mode!
2023-11-21 22:50:08,918 [main] INFO  o.s.d.r.c.RepositoryConfigurationDelegate          - Bootstrapping Spring Data JPA repositories in DEFAULT mode.
2023-11-21 22:50:09,044 [main] INFO  o.s.d.r.c.RepositoryConfigurationDelegate          - Finished Spring Data repository scanning in 118 ms. Found 20 JPA repository interfaces.
2023-11-21 22:50:09,500 [main] INFO  o.s.c.s.PostProcessorRegistrationDelegate$BeanPostProcessorChecker - Bean 'org.springframework.security.access.expression.method.DefaultMethodSecurityExpressionHandler@61bfc9bf' of type [org.springframework.security.access.expression.method.DefaultMethodSecurityExpressionHandler] is not eligible for getting processed by all BeanPostProcessors (for example: not eligible for auto-proxying)
2023-11-21 22:50:09,503 [main] INFO  o.s.c.s.PostProcessorRegistrationDelegate$BeanPostProcessorChecker - Bean 'methodSecurityMetadataSource' of type [org.springframework.security.access.method.DelegatingMethodSecurityMetadataSource] is not eligible for getting processed by all BeanPostProcessors (for example: not eligible for auto-proxying)
2023-11-21 22:50:09,937 [main] INFO  o.s.b.w.embedded.tomcat.TomcatWebServer            - Tomcat initialized with port(s): 9090 (http)
2023-11-21 22:50:09,951 [main] INFO  o.apache.coyote.http11.Http11NioProtocol           - Initializing ProtocolHandler ["http-nio-9090"]
2023-11-21 22:50:09,951 [main] INFO  org.apache.catalina.core.StandardService           - Starting service [Tomcat]
2023-11-21 22:50:09,952 [main] INFO  org.apache.catalina.core.StandardEngine            - Starting Servlet engine: [Apache Tomcat/9.0.46]
2023-11-21 22:50:10,081 [main] INFO  o.a.c.c.C.[Tomcat].[localhost].[/]                 - Initializing Spring embedded WebApplicationContext
2023-11-21 22:50:10,081 [main] INFO  o.s.b.w.s.c.ServletWebServerApplicationContext     - Root WebApplicationContext: initialization completed in 2745 ms
2023-11-21 22:50:10,200 [main] WARN  o.s.b.a.o.j.JpaBaseConfiguration$JpaWebConfiguration - spring.jpa.open-in-view is enabled by default. Therefore, database queries may be performed during view rendering. Explicitly configure spring.jpa.open-in-view to disable this warning
2023-11-21 22:50:10,243 [main] INFO  com.zaxxer.hikari.HikariDataSource                 - HikariPool-1 - Starting...
2023-11-21 22:50:10,468 [main] INFO  com.zaxxer.hikari.HikariDataSource                 - HikariPool-1 - Start completed.
2023-11-21 22:50:10,573 [main] INFO  o.hibernate.jpa.internal.util.LogHelper            - HHH000204: Processing PersistenceUnitInfo [name: default]
2023-11-21 22:50:10,753 [main] INFO  org.hibernate.Version                              - HHH000412: Hibernate ORM core version 5.6.15.Final
2023-11-21 22:50:10,901 [main] INFO  org.hibernate.annotations.common.Version           - HCANN000001: Hibernate Commons Annotations {5.1.2.Final}
2023-11-21 22:50:11,060 [main] INFO  org.hibernate.dialect.Dialect                      - HHH000400: Using dialect: org.fatmansoft.teach.sqlite.SQLDialect
2023-11-21 22:50:11,762 [main] INFO  o.h.e.t.j.p.i.JtaPlatformInitiator                 - HHH000490: Using JtaPlatform implementation: [org.hibernate.engine.transaction.jta.platform.internal.NoJtaPlatform]
2023-11-21 22:50:11,770 [main] INFO  o.s.o.j.LocalContainerEntityManagerFactoryBean     - Initialized JPA EntityManagerFactory for persistence unit 'default'
2023-11-21 22:50:13,346 [main] INFO  o.s.b.a.w.s.WelcomePageHandlerMapping              - Adding welcome page: class path resource [public/index.html]
2023-11-21 22:50:13,503 [main] INFO  o.s.s.web.DefaultSecurityFilterChain               - Will secure any request with [org.springframework.security.web.context.request.async.WebAsyncManagerIntegrationFilter@4ac26092, org.springframework.security.web.context.SecurityContextPersistenceFilter@1bca9b64, org.springframework.security.web.header.HeaderWriterFilter@89ff043, org.springframework.web.filter.CorsFilter@308e465b, org.springframework.security.web.authentication.logout.LogoutFilter@6afb240d, org.fatmansoft.teach.security.jwt.AuthTokenFilter@556944cd, org.springframework.security.web.savedrequest.RequestCacheAwareFilter@508abc74, org.springframework.security.web.servletapi.SecurityContextHolderAwareRequestFilter@7ec176da, org.springframework.security.web.authentication.AnonymousAuthenticationFilter@6e7d9d0, org.springframework.security.web.session.SessionManagementFilter@51d76ad3, org.springframework.security.web.access.ExceptionTranslationFilter@2a4f1bc5, org.springframework.security.web.access.intercept.FilterSecurityInterceptor@1c000c2f]
2023-11-21 22:50:13,869 [main] INFO  o.apache.coyote.http11.Http11NioProtocol           - Starting ProtocolHandler ["http-nio-9090"]
2023-11-21 22:50:13,921 [main] INFO  o.s.b.w.embedded.tomcat.TomcatWebServer            - Tomcat started on port(s): 9090 (http) with context path ''
2023-11-21 22:50:13,933 [main] INFO  o.f.t.SpringBootSecurityJwtApplication             - Started SpringBootSecurityJwtApplication in 7.098 seconds (JVM running for 10.201)
2023-11-21 22:50:13,937 [main] INFO  o.f.teach.SystemApplicationListener                - SystemInitStart
2023-11-21 22:50:14,069 [main] INFO  o.f.teach.SystemApplicationListener                - systemInitEnd
2023-11-21 22:50:14,099 [http-nio-9090-exec-1] INFO  o.a.c.c.C.[Tomcat].[localhost].[/]                 - Initializing Spring DispatcherServlet 'dispatcherServlet'
2023-11-21 22:50:14,100 [http-nio-9090-exec-1] INFO  o.s.web.servlet.DispatcherServlet                  - Initializing Servlet 'dispatcherServlet'
2023-11-21 22:50:14,100 [http-nio-9090-exec-1] INFO  o.s.web.servlet.DispatcherServlet                  - Completed initialization in 0 ms
2023-11-21 22:50:14,600 [http-nio-9090-exec-1] INFO  o.f.teach.security.jwt.AuthTokenFilter             - /auth/getValidateCode,,2023-11-21 22:50:14,0.474
2023-11-21 22:50:14,600 [http-nio-9090-exec-2] INFO  o.f.teach.security.jwt.AuthTokenFilter             - /auth/getValidateCode,,2023-11-21 22:50:14,0.084
2023-11-21 22:50:14,738 [http-nio-9090-exec-3] INFO  o.f.teach.security.jwt.AuthTokenFilter             - /auth/getValidateCode,,2023-11-21 22:50:14,0.018
2023-11-21 22:50:14,882 [http-nio-9090-exec-4] INFO  o.f.teach.security.jwt.AuthTokenFilter             - /auth/getValidateCode,,2023-11-21 22:50:14,0.016
2023-11-21 22:50:15,961 [http-nio-9090-exec-5] INFO  o.f.teach.security.jwt.AuthTokenFilter             - /auth/getValidateCode,,2023-11-21 22:50:15,0.019
2023-11-21 22:50:33,162 [http-nio-9090-exec-6] INFO  o.f.teach.security.jwt.AuthTokenFilter             - /auth/testValidateInfo,,2023-11-21 22:50:33,0.005
2023-11-21 22:50:33,766 [http-nio-9090-exec-7] INFO  o.f.teach.security.jwt.AuthTokenFilter             - /auth/login,,2023-11-21 22:50:33,0.292
2023-11-21 22:50:33,808 [http-nio-9090-exec-9] INFO  o.f.teach.security.jwt.AuthTokenFilter             - /api/base/getMenuList,admin,2023-11-21 22:50:33,0.034
2023-11-21 22:50:34,160 [http-nio-9090-exec-10] INFO  o.f.teach.security.jwt.AuthTokenFilter             - /auth/getValidateCode,admin,2023-11-21 22:50:34,0.016
2023-11-21 22:50:34,757 [http-nio-9090-exec-8] INFO  o.f.teach.security.jwt.AuthTokenFilter             - /api/statistics/getMainPageData,admin,2023-11-21 22:50:34,0.018
2023-11-21 22:50:47,683 [http-nio-9090-exec-2] INFO  o.f.teach.security.jwt.AuthTokenFilter             - /auth/getValidateCode,admin,2023-11-21 22:50:47,0.017
2023-11-21 22:50:57,302 [http-nio-9090-exec-1] INFO  o.f.teach.security.jwt.AuthTokenFilter             - /auth/getValidateCode,admin,2023-11-21 22:50:57,0.011
2023-11-21 22:50:59,416 [http-nio-9090-exec-3] INFO  o.f.teach.security.jwt.AuthTokenFilter             - /auth/getValidateCode,admin,2023-11-21 22:50:59,0.009
2023-11-21 22:51:00,184 [http-nio-9090-exec-4] INFO  o.f.teach.security.jwt.AuthTokenFilter             - /auth/getValidateCode,admin,2023-11-21 22:51:00,0.009
2023-11-21 22:54:04,769 [http-nio-9090-exec-5] INFO  o.f.teach.security.jwt.AuthTokenFilter             - /auth/getValidateCode,admin,2023-11-21 22:54:04,0.018
2023-11-21 23:01:29,182 [http-nio-9090-exec-6] INFO  o.f.teach.security.jwt.AuthTokenFilter             - /api/statistics/getMainPageData,admin,2023-11-21 23:01:29,0.007
2023-11-21 23:01:40,560 [http-nio-9090-exec-7] INFO  o.f.teach.security.jwt.AuthTokenFilter             - /auth/getValidateCode,admin,2023-11-21 23:01:40,0.02
2023-11-21 23:04:27,786 [http-nio-9090-exec-9] INFO  o.f.teach.security.jwt.AuthTokenFilter             - /auth/testValidateInfo,admin,2023-11-21 23:04:27,0.006
2023-11-21 23:04:28,114 [http-nio-9090-exec-10] INFO  o.f.teach.security.jwt.AuthTokenFilter             - /auth/login,,2023-11-21 23:04:28,0.073
2023-11-21 23:04:28,132 [http-nio-9090-exec-8] INFO  o.f.teach.security.jwt.AuthTokenFilter             - /api/base/getMenuList,admin,2023-11-21 23:04:28,0.009
2023-11-21 23:04:28,547 [http-nio-9090-exec-2] INFO  o.f.teach.security.jwt.AuthTokenFilter             - /api/statistics/getMainPageData,admin,2023-11-21 23:04:28,0.008
2023-11-21 23:05:27,728 [http-nio-9090-exec-1] ERROR o.f.teach.security.jwt.AuthEntryPointJwt           - Unauthorized error: /api/statistics/getMainPageData:Full authentication is required to access this resource
2023-11-21 23:05:27,728 [http-nio-9090-exec-1] INFO  o.f.teach.security.jwt.AuthTokenFilter             - /api/statistics/getMainPageData,,2023-11-21 23:05:27,0.0
2023-11-21 23:05:27,742 [http-nio-9090-exec-3] INFO  o.f.teach.security.jwt.AuthTokenFilter             - /auth/getValidateCode,,2023-11-21 23:05:27,0.005
2023-11-21 23:05:47,385 [http-nio-9090-exec-4] INFO  o.f.teach.security.jwt.AuthTokenFilter             - /auth/getValidateCode,,2023-11-21 23:05:47,0.004
2023-11-21 23:05:52,046 [http-nio-9090-exec-5] INFO  o.f.teach.security.jwt.AuthTokenFilter             - /auth/testValidateInfo,,2023-11-21 23:05:52,0.001
2023-11-21 23:05:52,117 [http-nio-9090-exec-6] INFO  o.f.teach.security.jwt.AuthTokenFilter             - /auth/login,,2023-11-21 23:05:52,0.065
2023-11-21 23:05:52,143 [http-nio-9090-exec-7] INFO  o.f.teach.security.jwt.AuthTokenFilter             - /auth/getValidateCode,admin,2023-11-21 23:05:52,0.005
2023-11-21 23:05:52,163 [http-nio-9090-exec-9] INFO  o.f.teach.security.jwt.AuthTokenFilter             - /api/base/getMenuList,admin,2023-11-21 23:05:52,0.009
2023-11-21 23:05:52,232 [http-nio-9090-exec-10] INFO  o.f.teach.security.jwt.AuthTokenFilter             - /api/statistics/getMainPageData,admin,2023-11-21 23:05:52,0.007
2023-11-21 23:05:59,095 [http-nio-9090-exec-8] INFO  o.f.teach.security.jwt.AuthTokenFilter             - /auth/getValidateCode,admin,2023-11-21 23:05:59,0.008
2023-11-21 23:12:12,953 [http-nio-9090-exec-2] INFO  o.f.teach.security.jwt.AuthTokenFilter             - /auth/getValidateCode,admin,2023-11-21 23:12:12,0.011
2023-11-21 23:12:18,929 [http-nio-9090-exec-3] INFO  o.f.teach.security.jwt.AuthTokenFilter             - /auth/testValidateInfo,admin,2023-11-21 23:12:18,0.005
2023-11-21 23:12:19,009 [http-nio-9090-exec-1] INFO  o.f.teach.security.jwt.AuthTokenFilter             - /auth/login,,2023-11-21 23:12:18,0.076
2023-11-21 23:12:19,021 [http-nio-9090-exec-4] INFO  o.f.teach.security.jwt.AuthTokenFilter             - /api/base/getMenuList,admin,2023-11-21 23:12:19,0.007
2023-11-21 23:12:19,080 [http-nio-9090-exec-5] INFO  o.f.teach.security.jwt.AuthTokenFilter             - /api/statistics/getMainPageData,admin,2023-11-21 23:12:19,0.006
2023-11-21 23:12:24,519 [http-nio-9090-exec-6] INFO  o.f.teach.security.jwt.AuthTokenFilter             - /auth/getValidateCode,admin,2023-11-21 23:12:24,0.01
2023-11-21 23:19:19,405 [http-nio-9090-exec-7] INFO  o.f.teach.security.jwt.AuthTokenFilter             - /auth/getValidateCode,admin,2023-11-21 23:19:19,0.01
2023-11-21 23:19:22,932 [http-nio-9090-exec-9] INFO  o.f.teach.security.jwt.AuthTokenFilter             - /auth/testValidateInfo,admin,2023-11-21 23:19:22,0.003
2023-11-21 23:19:23,003 [http-nio-9090-exec-10] INFO  o.f.teach.security.jwt.AuthTokenFilter             - /auth/login,,2023-11-21 23:19:22,0.065
2023-11-21 23:19:23,021 [http-nio-9090-exec-8] INFO  o.f.teach.security.jwt.AuthTokenFilter             - /api/base/getMenuList,admin,2023-11-21 23:19:23,0.01
2023-11-21 23:19:23,117 [http-nio-9090-exec-2] INFO  o.f.teach.security.jwt.AuthTokenFilter             - /api/statistics/getMainPageData,admin,2023-11-21 23:19:23,0.008
2023-11-21 23:19:25,561 [http-nio-9090-exec-3] ERROR o.f.teach.security.jwt.AuthEntryPointJwt           - Unauthorized error: /api/statistics/getMainPageData:Full authentication is required to access this resource
2023-11-21 23:19:25,561 [http-nio-9090-exec-3] INFO  o.f.teach.security.jwt.AuthTokenFilter             - /api/statistics/getMainPageData,,2023-11-21 23:19:25,0.001
2023-11-21 23:19:29,787 [http-nio-9090-exec-1] INFO  o.f.teach.security.jwt.AuthTokenFilter             - /auth/getValidateCode,,2023-11-21 23:19:29,0.005
2023-11-21 23:19:35,097 [http-nio-9090-exec-4] INFO  o.f.teach.security.jwt.AuthTokenFilter             - /auth/testValidateInfo,,2023-11-21 23:19:35,0.001
2023-11-21 23:19:35,179 [http-nio-9090-exec-5] INFO  o.f.teach.security.jwt.AuthTokenFilter             - /auth/login,,2023-11-21 23:19:35,0.076
2023-11-21 23:19:35,207 [http-nio-9090-exec-6] INFO  o.f.teach.security.jwt.AuthTokenFilter             - /auth/getValidateCode,admin,2023-11-21 23:19:35,0.006
2023-11-21 23:19:35,229 [http-nio-9090-exec-7] INFO  o.f.teach.security.jwt.AuthTokenFilter             - /api/base/getMenuList,admin,2023-11-21 23:19:35,0.011
2023-11-21 23:19:35,643 [http-nio-9090-exec-9] INFO  o.f.teach.security.jwt.AuthTokenFilter             - /api/statistics/getMainPageData,admin,2023-11-21 23:19:35,0.006
2023-11-21 23:19:37,017 [http-nio-9090-exec-10] ERROR o.f.teach.security.jwt.AuthEntryPointJwt           - Unauthorized error: /api/statistics/getMainPageData:Full authentication is required to access this resource
2023-11-21 23:19:37,018 [http-nio-9090-exec-10] INFO  o.f.teach.security.jwt.AuthTokenFilter             - /api/statistics/getMainPageData,,2023-11-21 23:19:37,0.001
2023-11-21 23:19:42,522 [http-nio-9090-exec-8] INFO  o.f.teach.security.jwt.AuthTokenFilter             - /auth/getValidateCode,,2023-11-21 23:19:42,0.016
2023-11-21 23:38:36,817 [http-nio-9090-exec-2] INFO  o.f.teach.security.jwt.AuthTokenFilter             - /auth/testValidateInfo,,2023-11-21 23:38:36,0.002
2023-11-21 23:38:37,155 [http-nio-9090-exec-3] INFO  o.f.teach.security.jwt.AuthTokenFilter             - /auth/login,,2023-11-21 23:38:37,0.078
2023-11-21 23:38:37,186 [http-nio-9090-exec-1] INFO  o.f.teach.security.jwt.AuthTokenFilter             - /auth/getValidateCode,admin,2023-11-21 23:38:37,0.006
2023-11-21 23:38:37,519 [http-nio-9090-exec-4] INFO  o.f.teach.security.jwt.AuthTokenFilter             - /api/base/getMenuList,admin,2023-11-21 23:38:37,0.008
2023-11-21 23:38:37,856 [http-nio-9090-exec-5] INFO  o.f.teach.security.jwt.AuthTokenFilter             - /api/statistics/getMainPageData,admin,2023-11-21 23:38:37,0.009
2023-11-21 23:38:44,561 [http-nio-9090-exec-6] INFO  o.f.teach.security.jwt.AuthTokenFilter             - /api/statistics/getMainPageData,admin,2023-11-21 23:38:44,0.005
2023-11-21 23:42:53,451 [http-nio-9090-exec-7] INFO  o.f.teach.security.jwt.AuthTokenFilter             - /auth/getValidateCode,,2023-11-21 23:42:53,0.004
2023-11-21 23:42:57,599 [http-nio-9090-exec-9] INFO  o.f.teach.security.jwt.AuthTokenFilter             - /auth/testValidateInfo,,2023-11-21 23:42:57,0.001
2023-11-21 23:42:57,678 [http-nio-9090-exec-10] INFO  o.f.teach.security.jwt.AuthTokenFilter             - /auth/login,,2023-11-21 23:42:57,0.074
2023-11-21 23:42:57,706 [http-nio-9090-exec-8] INFO  o.f.teach.security.jwt.AuthTokenFilter             - /auth/getValidateCode,admin,2023-11-21 23:42:57,0.005
2023-11-21 23:42:57,725 [http-nio-9090-exec-2] INFO  o.f.teach.security.jwt.AuthTokenFilter             - /api/base/getMenuList,admin,2023-11-21 23:42:57,0.01
2023-11-21 23:42:57,796 [http-nio-9090-exec-3] INFO  o.f.teach.security.jwt.AuthTokenFilter             - /api/statistics/getMainPageData,admin,2023-11-21 23:42:57,0.006
2023-11-21 23:44:54,199 [http-nio-9090-exec-1] ERROR o.f.teach.security.jwt.AuthEntryPointJwt           - Unauthorized error: /api/statistics/getMainPageData:Full authentication is required to access this resource
2023-11-21 23:44:54,199 [http-nio-9090-exec-1] INFO  o.f.teach.security.jwt.AuthTokenFilter             - /api/statistics/getMainPageData,,2023-11-21 23:44:54,0.001
2023-11-21 23:44:54,242 [http-nio-9090-exec-4] INFO  o.f.teach.security.jwt.AuthTokenFilter             - /auth/getValidateCode,,2023-11-21 23:44:54,0.014
2023-11-21 23:48:08,378 [http-nio-9090-exec-5] INFO  o.f.teach.security.jwt.AuthTokenFilter             - /auth/testValidateInfo,,2023-11-21 23:48:08,0.002
2023-11-21 23:48:08,701 [http-nio-9090-exec-6] INFO  o.f.teach.security.jwt.AuthTokenFilter             - /auth/login,,2023-11-21 23:48:08,0.069
2023-11-21 23:48:08,718 [http-nio-9090-exec-7] INFO  o.f.teach.security.jwt.AuthTokenFilter             - /auth/getValidateCode,admin,2023-11-21 23:48:08,0.006
2023-11-21 23:48:09,033 [http-nio-9090-exec-9] INFO  o.f.teach.security.jwt.AuthTokenFilter             - /api/base/getMenuList,admin,2023-11-21 23:48:09,0.008
2023-11-21 23:48:09,288 [http-nio-9090-exec-10] INFO  o.f.teach.security.jwt.AuthTokenFilter             - /api/statistics/getMainPageData,admin,2023-11-21 23:48:09,0.006
2023-11-21 23:48:16,114 [http-nio-9090-exec-8] INFO  o.f.teach.security.jwt.AuthTokenFilter             - /auth/getValidateCode,admin,2023-11-21 23:48:16,0.005
2023-11-21 23:48:21,786 [http-nio-9090-exec-2] INFO  o.f.teach.security.jwt.AuthTokenFilter             - /auth/getValidateCode,,2023-11-21 23:48:21,0.005
2023-11-21 23:48:22,284 [http-nio-9090-exec-3] INFO  o.f.teach.security.jwt.AuthTokenFilter             - /auth/getValidateCode,,2023-11-21 23:48:22,0.004
2023-11-21 23:48:35,285 [http-nio-9090-exec-1] INFO  o.f.teach.security.jwt.AuthTokenFilter             - /auth/testValidateInfo,,2023-11-21 23:48:35,0.002
2023-11-21 23:48:35,364 [http-nio-9090-exec-4] INFO  o.f.teach.security.jwt.AuthTokenFilter             - /auth/login,,2023-11-21 23:48:35,0.072
2023-11-21 23:48:35,398 [http-nio-9090-exec-5] INFO  o.f.teach.security.jwt.AuthTokenFilter             - /auth/getValidateCode,202200300050,2023-11-21 23:48:35,0.006
2023-11-21 23:48:35,414 [http-nio-9090-exec-6] INFO  o.f.teach.security.jwt.AuthTokenFilter             - /api/base/getMenuList,202200300050,2023-11-21 23:48:35,0.009
2023-11-21 23:48:35,825 [http-nio-9090-exec-7] INFO  o.f.teach.security.jwt.AuthTokenFilter             - /api/statistics/getMainPageData,202200300050,2023-11-21 23:48:35,0.007
2023-11-21 23:48:38,913 [http-nio-9090-exec-9] ERROR o.f.teach.security.jwt.AuthEntryPointJwt           - Unauthorized error: /api/statistics/getMainPageData:Full authentication is required to access this resource
2023-11-21 23:48:38,913 [http-nio-9090-exec-9] INFO  o.f.teach.security.jwt.AuthTokenFilter             - /api/statistics/getMainPageData,,2023-11-21 23:48:38,0.001
2023-11-21 23:48:38,945 [http-nio-9090-exec-10] INFO  o.f.teach.security.jwt.AuthTokenFilter             - /auth/getValidateCode,,2023-11-21 23:48:38,0.004
2023-11-21 23:56:05,817 [http-nio-9090-exec-8] INFO  o.f.teach.security.jwt.AuthTokenFilter             - /auth/testValidateInfo,,2023-11-21 23:56:05,0.002
2023-11-21 23:56:06,150 [http-nio-9090-exec-2] INFO  o.f.teach.security.jwt.AuthTokenFilter             - /auth/login,,2023-11-21 23:56:06,0.076
2023-11-21 23:56:06,176 [http-nio-9090-exec-3] INFO  o.f.teach.security.jwt.AuthTokenFilter             - /auth/getValidateCode,admin,2023-11-21 23:56:06,0.008
2023-11-21 23:56:06,501 [http-nio-9090-exec-1] INFO  o.f.teach.security.jwt.AuthTokenFilter             - /api/base/getMenuList,admin,2023-11-21 23:56:06,0.013
2023-11-21 23:56:06,860 [http-nio-9090-exec-4] INFO  o.f.teach.security.jwt.AuthTokenFilter             - /api/statistics/getMainPageData,admin,2023-11-21 23:56:06,0.006
