2023-12-21 23:58:25,021 [background-preinit] INFO  o.h.validator.internal.util.Version                - HV000001: Hibernate Validator 6.2.0.Final
2023-12-21 23:58:25,033 [main] INFO  o.f.t.SpringBootSecurityJwtApplication             - Starting SpringBootSecurityJwtApplication using Java 17.0.4.1 on 大本钟下寄快递 with PID 28084 (D:\web\web-course-design\java-server\target\classes started by 19414 in D:\web\web-course-design\java-server)
2023-12-21 23:58:25,034 [main] INFO  o.f.t.SpringBootSecurityJwtApplication             - No active profile set, falling back to default profiles: default
2023-12-21 23:58:26,303 [main] INFO  o.s.d.r.c.RepositoryConfigurationDelegate          - Multiple Spring Data modules found, entering strict repository configuration mode!
2023-12-21 23:58:26,304 [main] INFO  o.s.d.r.c.RepositoryConfigurationDelegate          - Bootstrapping Spring Data JPA repositories in DEFAULT mode.
2023-12-21 23:58:26,400 [main] INFO  o.s.d.r.c.RepositoryConfigurationDelegate          - Finished Spring Data repository scanning in 89 ms. Found 22 JPA repository interfaces.
2023-12-21 23:58:26,762 [main] INFO  o.s.c.s.PostProcessorRegistrationDelegate$BeanPostProcessorChecker - Bean 'org.springframework.security.access.expression.method.DefaultMethodSecurityExpressionHandler@9b9a327' of type [org.springframework.security.access.expression.method.DefaultMethodSecurityExpressionHandler] is not eligible for getting processed by all BeanPostProcessors (for example: not eligible for auto-proxying)
2023-12-21 23:58:26,768 [main] INFO  o.s.c.s.PostProcessorRegistrationDelegate$BeanPostProcessorChecker - Bean 'methodSecurityMetadataSource' of type [org.springframework.security.access.method.DelegatingMethodSecurityMetadataSource] is not eligible for getting processed by all BeanPostProcessors (for example: not eligible for auto-proxying)
2023-12-21 23:58:27,178 [main] INFO  o.s.b.w.embedded.tomcat.TomcatWebServer            - Tomcat initialized with port(s): 9090 (http)
2023-12-21 23:58:27,201 [main] INFO  o.apache.coyote.http11.Http11NioProtocol           - Initializing ProtocolHandler ["http-nio-9090"]
2023-12-21 23:58:27,202 [main] INFO  org.apache.catalina.core.StandardService           - Starting service [Tomcat]
2023-12-21 23:58:27,202 [main] INFO  org.apache.catalina.core.StandardEngine            - Starting Servlet engine: [Apache Tomcat/9.0.46]
2023-12-21 23:58:27,310 [main] INFO  o.a.c.c.C.[Tomcat].[localhost].[/]                 - Initializing Spring embedded WebApplicationContext
2023-12-21 23:58:27,310 [main] INFO  o.s.b.w.s.c.ServletWebServerApplicationContext     - Root WebApplicationContext: initialization completed in 2239 ms
2023-12-21 23:58:27,428 [main] WARN  o.s.b.a.o.j.JpaBaseConfiguration$JpaWebConfiguration - spring.jpa.open-in-view is enabled by default. Therefore, database queries may be performed during view rendering. Explicitly configure spring.jpa.open-in-view to disable this warning
2023-12-21 23:58:27,480 [main] INFO  com.zaxxer.hikari.HikariDataSource                 - HikariPool-1 - Starting...
2023-12-21 23:58:27,671 [main] INFO  com.zaxxer.hikari.HikariDataSource                 - HikariPool-1 - Start completed.
2023-12-21 23:58:27,729 [main] INFO  o.hibernate.jpa.internal.util.LogHelper            - HHH000204: Processing PersistenceUnitInfo [name: default]
2023-12-21 23:58:27,776 [main] INFO  org.hibernate.Version                              - HHH000412: Hibernate ORM core version 5.6.15.Final
2023-12-21 23:58:27,882 [main] INFO  org.hibernate.annotations.common.Version           - HCANN000001: Hibernate Commons Annotations {5.1.2.Final}
2023-12-21 23:58:27,976 [main] INFO  org.hibernate.dialect.Dialect                      - HHH000400: Using dialect: org.fatmansoft.teach.sqlite.SQLDialect
2023-12-21 23:58:28,602 [main] INFO  o.h.e.t.j.p.i.JtaPlatformInitiator                 - HHH000490: Using JtaPlatform implementation: [org.hibernate.engine.transaction.jta.platform.internal.NoJtaPlatform]
2023-12-21 23:58:28,608 [main] INFO  o.s.o.j.LocalContainerEntityManagerFactoryBean     - Initialized JPA EntityManagerFactory for persistence unit 'default'
2023-12-21 23:58:29,998 [main] INFO  o.s.b.a.w.s.WelcomePageHandlerMapping              - Adding welcome page: class path resource [public/index.html]
2023-12-21 23:58:30,110 [main] INFO  o.s.s.web.DefaultSecurityFilterChain               - Will secure any request with [org.springframework.security.web.context.request.async.WebAsyncManagerIntegrationFilter@85fd4b, org.springframework.security.web.context.SecurityContextPersistenceFilter@2ef63b6d, org.springframework.security.web.header.HeaderWriterFilter@e280006, org.springframework.web.filter.CorsFilter@6715a6da, org.springframework.security.web.authentication.logout.LogoutFilter@2835b3d1, org.fatmansoft.teach.security.jwt.AuthTokenFilter@72ea6fcb, org.springframework.security.web.savedrequest.RequestCacheAwareFilter@25c98637, org.springframework.security.web.servletapi.SecurityContextHolderAwareRequestFilter@4abb4041, org.springframework.security.web.authentication.AnonymousAuthenticationFilter@1eb207c3, org.springframework.security.web.session.SessionManagementFilter@5c59dfc7, org.springframework.security.web.access.ExceptionTranslationFilter@4f2a9903, org.springframework.security.web.access.intercept.FilterSecurityInterceptor@28d728f1]
2023-12-21 23:58:30,364 [main] INFO  o.apache.coyote.http11.Http11NioProtocol           - Starting ProtocolHandler ["http-nio-9090"]
2023-12-21 23:58:30,415 [main] INFO  o.s.b.w.embedded.tomcat.TomcatWebServer            - Tomcat started on port(s): 9090 (http) with context path ''
2023-12-21 23:58:30,426 [main] INFO  o.f.t.SpringBootSecurityJwtApplication             - Started SpringBootSecurityJwtApplication in 5.83 seconds (JVM running for 6.318)
2023-12-21 23:58:30,430 [main] INFO  o.f.teach.SystemApplicationListener                - SystemInitStart
2023-12-21 23:58:30,521 [main] INFO  o.f.teach.SystemApplicationListener                - systemInitEnd
