2023-10-28 18:33:09,920 [background-preinit] INFO  o.h.validator.internal.util.Version                - HV000001: Hibernate Validator 6.2.0.Final
2023-10-28 18:33:09,938 [main] INFO  o.f.t.SpringBootSecurityJwtApplication             - Starting SpringBootSecurityJwtApplication using Java 17.0.1 on LAPTOP-GILCNVPF with PID 16268 (D:\yrg\web-course-design\java-server\target\classes started by 程前 in D:\yrg\web-course-design\java-server)
2023-10-28 18:33:09,939 [main] INFO  o.f.t.SpringBootSecurityJwtApplication             - No active profile set, falling back to default profiles: default
2023-10-28 18:33:10,779 [main] INFO  o.s.d.r.c.RepositoryConfigurationDelegate          - Multiple Spring Data modules found, entering strict repository configuration mode!
2023-10-28 18:33:10,780 [main] INFO  o.s.d.r.c.RepositoryConfigurationDelegate          - Bootstrapping Spring Data JPA repositories in DEFAULT mode.
2023-10-28 18:33:10,908 [main] INFO  o.s.d.r.c.RepositoryConfigurationDelegate          - Finished Spring Data repository scanning in 119 ms. Found 20 JPA repository interfaces.
2023-10-28 18:33:11,265 [main] INFO  o.s.c.s.PostProcessorRegistrationDelegate$BeanPostProcessorChecker - Bean 'org.springframework.security.access.expression.method.DefaultMethodSecurityExpressionHandler@2da66a44' of type [org.springframework.security.access.expression.method.DefaultMethodSecurityExpressionHandler] is not eligible for getting processed by all BeanPostProcessors (for example: not eligible for auto-proxying)
2023-10-28 18:33:11,269 [main] INFO  o.s.c.s.PostProcessorRegistrationDelegate$BeanPostProcessorChecker - Bean 'methodSecurityMetadataSource' of type [org.springframework.security.access.method.DelegatingMethodSecurityMetadataSource] is not eligible for getting processed by all BeanPostProcessors (for example: not eligible for auto-proxying)
2023-10-28 18:33:11,713 [main] INFO  o.s.b.w.embedded.tomcat.TomcatWebServer            - Tomcat initialized with port(s): 9090 (http)
2023-10-28 18:33:11,726 [main] INFO  o.apache.coyote.http11.Http11NioProtocol           - Initializing ProtocolHandler ["http-nio-9090"]
2023-10-28 18:33:11,726 [main] INFO  org.apache.catalina.core.StandardService           - Starting service [Tomcat]
2023-10-28 18:33:11,726 [main] INFO  org.apache.catalina.core.StandardEngine            - Starting Servlet engine: [Apache Tomcat/9.0.46]
2023-10-28 18:33:11,828 [main] INFO  o.a.c.c.C.[Tomcat].[localhost].[/]                 - Initializing Spring embedded WebApplicationContext
2023-10-28 18:33:11,829 [main] INFO  o.s.b.w.s.c.ServletWebServerApplicationContext     - Root WebApplicationContext: initialization completed in 1849 ms
2023-10-28 18:33:11,911 [main] WARN  o.s.b.a.o.j.JpaBaseConfiguration$JpaWebConfiguration - spring.jpa.open-in-view is enabled by default. Therefore, database queries may be performed during view rendering. Explicitly configure spring.jpa.open-in-view to disable this warning
2023-10-28 18:33:11,978 [main] INFO  com.zaxxer.hikari.HikariDataSource                 - HikariPool-1 - Starting...
2023-10-28 18:33:12,173 [main] INFO  com.zaxxer.hikari.HikariDataSource                 - HikariPool-1 - Start completed.
2023-10-28 18:33:12,255 [main] INFO  o.hibernate.jpa.internal.util.LogHelper            - HHH000204: Processing PersistenceUnitInfo [name: default]
2023-10-28 18:33:12,336 [main] INFO  org.hibernate.Version                              - HHH000412: Hibernate ORM core version 5.6.15.Final
2023-10-28 18:33:12,447 [main] INFO  org.hibernate.annotations.common.Version           - HCANN000001: Hibernate Commons Annotations {5.1.2.Final}
2023-10-28 18:33:12,542 [main] INFO  org.hibernate.dialect.Dialect                      - HHH000400: Using dialect: org.fatmansoft.teach.sqlite.SQLDialect
2023-10-28 18:33:13,149 [main] INFO  o.h.e.t.j.p.i.JtaPlatformInitiator                 - HHH000490: Using JtaPlatform implementation: [org.hibernate.engine.transaction.jta.platform.internal.NoJtaPlatform]
2023-10-28 18:33:13,155 [main] INFO  o.s.o.j.LocalContainerEntityManagerFactoryBean     - Initialized JPA EntityManagerFactory for persistence unit 'default'
2023-10-28 18:33:14,520 [main] INFO  o.s.b.a.w.s.WelcomePageHandlerMapping              - Adding welcome page: class path resource [public/index.html]
2023-10-28 18:33:14,620 [main] INFO  o.s.s.web.DefaultSecurityFilterChain               - Will secure any request with [org.springframework.security.web.context.request.async.WebAsyncManagerIntegrationFilter@48619f15, org.springframework.security.web.context.SecurityContextPersistenceFilter@386ea60f, org.springframework.security.web.header.HeaderWriterFilter@39f7cc46, org.springframework.web.filter.CorsFilter@790ea58f, org.springframework.security.web.authentication.logout.LogoutFilter@2c6d442d, org.fatmansoft.teach.security.jwt.AuthTokenFilter@5c552f08, org.springframework.security.web.savedrequest.RequestCacheAwareFilter@99774ec, org.springframework.security.web.servletapi.SecurityContextHolderAwareRequestFilter@20fdaf3e, org.springframework.security.web.authentication.AnonymousAuthenticationFilter@78a7fccd, org.springframework.security.web.session.SessionManagementFilter@508abc74, org.springframework.security.web.access.ExceptionTranslationFilter@1f57fa23, org.springframework.security.web.access.intercept.FilterSecurityInterceptor@2162598]
2023-10-28 18:33:14,872 [main] INFO  o.apache.coyote.http11.Http11NioProtocol           - Starting ProtocolHandler ["http-nio-9090"]
2023-10-28 18:33:14,914 [main] INFO  o.s.b.w.embedded.tomcat.TomcatWebServer            - Tomcat started on port(s): 9090 (http) with context path ''
2023-10-28 18:33:14,923 [main] INFO  o.f.t.SpringBootSecurityJwtApplication             - Started SpringBootSecurityJwtApplication in 5.384 seconds (JVM running for 8.284)
2023-10-28 18:33:14,926 [main] INFO  o.f.teach.SystemApplicationListener                - SystemInitStart
2023-10-28 18:33:15,000 [main] INFO  o.f.teach.SystemApplicationListener                - systemInitEnd
2023-10-28 18:33:46,264 [http-nio-9090-exec-1] INFO  o.a.c.c.C.[Tomcat].[localhost].[/]                 - Initializing Spring DispatcherServlet 'dispatcherServlet'
2023-10-28 18:33:46,264 [http-nio-9090-exec-1] INFO  o.s.web.servlet.DispatcherServlet                  - Initializing Servlet 'dispatcherServlet'
2023-10-28 18:33:46,265 [http-nio-9090-exec-1] INFO  o.s.web.servlet.DispatcherServlet                  - Completed initialization in 1 ms
2023-10-28 18:33:46,697 [http-nio-9090-exec-1] INFO  o.f.teach.security.jwt.AuthTokenFilter             - /auth/getValidateCode,,2023-10-28 18:33:46,0.405
2023-10-28 18:34:55,853 [http-nio-9090-exec-2] INFO  o.f.teach.security.jwt.AuthTokenFilter             - /auth/testValidateInfo,,2023-10-28 18:34:55,0.003
2023-10-28 18:34:56,255 [http-nio-9090-exec-3] INFO  o.f.teach.security.jwt.AuthTokenFilter             - /auth/registerUser,,2023-10-28 18:34:56,0.14
2023-10-28 18:34:56,270 [http-nio-9090-exec-5] INFO  o.f.teach.security.jwt.AuthTokenFilter             - /auth/getValidateCode,,2023-10-28 18:34:56,0.007
2023-10-28 18:35:03,027 [http-nio-9090-exec-4] INFO  o.f.teach.security.jwt.AuthTokenFilter             - /auth/testValidateInfo,,2023-10-28 18:35:03,0.001
2023-10-28 18:35:03,491 [http-nio-9090-exec-6] INFO  o.f.teach.security.jwt.AuthTokenFilter             - /auth/login,,2023-10-28 18:35:03,0.202
2023-10-28 18:35:03,518 [http-nio-9090-exec-7] INFO  o.f.teach.security.jwt.AuthTokenFilter             - /auth/getValidateCode,2022003,2023-10-28 18:35:03,0.013
2023-10-28 18:35:03,838 [http-nio-9090-exec-8] INFO  o.f.teach.security.jwt.AuthTokenFilter             - /api/base/getMenuList,2022003,2023-10-28 18:35:03,0.024
2023-10-28 18:35:04,376 [http-nio-9090-exec-9] INFO  o.f.teach.security.jwt.AuthTokenFilter             - /api/statistics/getMainPageData,2022003,2023-10-28 18:35:04,0.022
2023-10-28 18:35:21,568 [http-nio-9090-exec-10] INFO  o.f.teach.security.jwt.AuthTokenFilter             - /auth/getValidateCode,,2023-10-28 18:35:21,0.006
2023-10-28 18:35:39,129 [http-nio-9090-exec-1] INFO  o.f.teach.security.jwt.AuthTokenFilter             - /auth/testValidateInfo,,2023-10-28 18:35:39,0.003
2023-10-28 18:35:39,462 [http-nio-9090-exec-2] INFO  o.f.teach.security.jwt.AuthTokenFilter             - /auth/login,,2023-10-28 18:35:39,0.086
2023-10-28 18:35:39,476 [http-nio-9090-exec-3] INFO  o.f.teach.security.jwt.AuthTokenFilter             - /api/base/getMenuList,2022003,2023-10-28 18:35:39,0.009
2023-10-28 18:35:39,801 [http-nio-9090-exec-5] INFO  o.f.teach.security.jwt.AuthTokenFilter             - /auth/getValidateCode,2022003,2023-10-28 18:35:39,0.008
2023-10-28 18:35:39,931 [http-nio-9090-exec-4] INFO  o.f.teach.security.jwt.AuthTokenFilter             - /api/statistics/getMainPageData,2022003,2023-10-28 18:35:39,0.009
2023-10-28 18:39:19,750 [http-nio-9090-exec-6] INFO  o.f.teach.security.jwt.AuthTokenFilter             - /auth/getValidateCode,,2023-10-28 18:39:19,0.004
2023-10-28 18:39:46,605 [http-nio-9090-exec-7] INFO  o.f.teach.security.jwt.AuthTokenFilter             - /auth/testValidateInfo,,2023-10-28 18:39:46,0.002
2023-10-28 18:39:46,947 [http-nio-9090-exec-8] INFO  o.f.teach.security.jwt.AuthTokenFilter             - /auth/registerUser,,2023-10-28 18:39:46,0.081
2023-10-28 18:39:46,963 [http-nio-9090-exec-9] INFO  o.f.teach.security.jwt.AuthTokenFilter             - /auth/getValidateCode,,2023-10-28 18:39:46,0.004
2023-10-28 18:39:52,795 [http-nio-9090-exec-10] INFO  o.f.teach.security.jwt.AuthTokenFilter             - /auth/testValidateInfo,,2023-10-28 18:39:52,0.002
2023-10-28 18:39:53,122 [http-nio-9090-exec-1] INFO  o.f.teach.security.jwt.AuthTokenFilter             - /auth/login,,2023-10-28 18:39:53,0.063
2023-10-28 18:39:53,140 [http-nio-9090-exec-2] INFO  o.f.teach.security.jwt.AuthTokenFilter             - /auth/getValidateCode,2022000,2023-10-28 18:39:53,0.008
2023-10-28 18:39:53,457 [http-nio-9090-exec-3] INFO  o.f.teach.security.jwt.AuthTokenFilter             - /api/base/getMenuList,2022000,2023-10-28 18:39:53,0.007
2023-10-28 18:39:53,926 [http-nio-9090-exec-5] INFO  o.f.teach.security.jwt.AuthTokenFilter             - /api/statistics/getMainPageData,2022000,2023-10-28 18:39:53,0.006
2023-10-28 21:56:50,779 [SpringApplicationShutdownHook] INFO  o.s.o.j.LocalContainerEntityManagerFactoryBean     - Closing JPA EntityManagerFactory for persistence unit 'default'
2023-10-28 21:56:50,781 [SpringApplicationShutdownHook] INFO  com.zaxxer.hikari.HikariDataSource                 - HikariPool-1 - Shutdown initiated...
2023-10-28 21:56:50,784 [SpringApplicationShutdownHook] INFO  com.zaxxer.hikari.HikariDataSource                 - HikariPool-1 - Shutdown completed.
