2023-12-10 00:00:12,858 [http-nio-9090-exec-7] INFO  o.f.teach.security.jwt.AuthTokenFilter             - /api/base/getPhotoImageStr,202200300050,2023-12-10 00:00:12,0.143
2023-12-10 00:00:12,881 [http-nio-9090-exec-8] INFO  o.f.teach.security.jwt.AuthTokenFilter             - /api/student/getStudentIntroduceData,202200300050,2023-12-10 00:00:12,0.007
2023-12-10 00:00:13,088 [http-nio-9090-exec-4] INFO  o.f.teach.security.jwt.AuthTokenFilter             - /api/base/getPhotoImageStr,202200300050,2023-12-10 00:00:13,0.059
2023-12-10 00:10:25,548 [http-nio-9090-exec-10] INFO  o.f.teach.security.jwt.AuthTokenFilter             - /api/base/getPhotoImageStr,202200300050,2023-12-10 00:10:25,0.18
2023-12-10 00:10:25,580 [http-nio-9090-exec-2] INFO  o.f.teach.security.jwt.AuthTokenFilter             - /api/student/getStudentIntroduceData,202200300050,2023-12-10 00:10:25,0.008
2023-12-10 00:10:25,794 [http-nio-9090-exec-1] INFO  o.f.teach.security.jwt.AuthTokenFilter             - /api/base/getPhotoImageStr,202200300050,2023-12-10 00:10:25,0.083
2023-12-10 00:24:24,281 [http-nio-9090-exec-3] INFO  o.f.teach.security.jwt.AuthTokenFilter             - /api/base/getPhotoImageStr,202200300050,2023-12-10 00:24:24,0.226
2023-12-10 00:24:24,690 [http-nio-9090-exec-9] INFO  o.f.teach.security.jwt.AuthTokenFilter             - /auth/getValidateCode,202200300050,2023-12-10 00:24:24,0.494
2023-12-10 00:24:31,942 [http-nio-9090-exec-6] INFO  o.f.teach.security.jwt.AuthTokenFilter             - /auth/getValidateCode,,2023-12-10 00:24:31,0.017
2023-12-10 00:24:33,681 [http-nio-9090-exec-5] INFO  o.f.teach.security.jwt.AuthTokenFilter             - /auth/login,,2023-12-10 00:24:33,0.246
2023-12-10 00:24:33,733 [http-nio-9090-exec-7] INFO  o.f.teach.security.jwt.AuthTokenFilter             - /auth/getValidateCode,202200300050,2023-12-10 00:24:33,0.007
2023-12-10 00:24:34,065 [http-nio-9090-exec-8] INFO  o.f.teach.security.jwt.AuthTokenFilter             - /api/base/getMenuList,202200300050,2023-12-10 00:24:34,0.024
2023-12-10 00:24:34,400 [http-nio-9090-exec-4] INFO  o.f.teach.security.jwt.AuthTokenFilter             - /api/statistics/getMainPageData,202200300050,2023-12-10 00:24:34,0.008
2023-12-10 00:24:35,049 [http-nio-9090-exec-2] INFO  o.f.teach.security.jwt.AuthTokenFilter             - /api/statistics/getMainPageData,202200300050,2023-12-10 00:24:35,0.008
2023-12-10 00:24:35,117 [http-nio-9090-exec-10] INFO  o.f.teach.security.jwt.AuthTokenFilter             - /api/base/getPhotoImageStr,202200300050,2023-12-10 00:24:34,0.146
2023-12-10 00:28:46,041 [http-nio-9090-exec-1] INFO  o.f.teach.security.jwt.AuthTokenFilter             - /api/base/getPhotoImageStr,202200300050,2023-12-10 00:28:45,0.114
2023-12-10 00:28:46,074 [http-nio-9090-exec-3] INFO  o.f.teach.security.jwt.AuthTokenFilter             - /auth/getValidateCode,202200300050,2023-12-10 00:28:46,0.007
2023-12-10 00:28:58,219 [http-nio-9090-exec-9] INFO  o.f.teach.security.jwt.AuthTokenFilter             - /auth/getValidateCode,,2023-12-10 00:28:58,0.013
2023-12-10 00:29:04,511 [http-nio-9090-exec-6] INFO  o.f.teach.security.jwt.AuthTokenFilter             - /auth/login,,2023-12-10 00:29:04,0.07
2023-12-10 00:29:04,585 [http-nio-9090-exec-5] INFO  o.f.teach.security.jwt.AuthTokenFilter             - /auth/getValidateCode,admin,2023-12-10 00:29:04,0.005
2023-12-10 00:29:04,901 [http-nio-9090-exec-7] INFO  o.f.teach.security.jwt.AuthTokenFilter             - /api/base/getMenuList,admin,2023-12-10 00:29:04,0.006
2023-12-10 00:29:05,240 [http-nio-9090-exec-8] INFO  o.f.teach.security.jwt.AuthTokenFilter             - /api/statistics/getMainPageData,admin,2023-12-10 00:29:05,0.007
2023-12-10 00:29:05,833 [http-nio-9090-exec-4] INFO  o.f.teach.security.jwt.AuthTokenFilter             - /api/base/getPhotoImageStr,admin,2023-12-10 00:29:05,0.008
2023-12-10 00:29:05,969 [http-nio-9090-exec-2] INFO  o.f.teach.security.jwt.AuthTokenFilter             - /api/statistics/getMainPageData,admin,2023-12-10 00:29:05,0.005
2023-12-10 00:29:21,921 [http-nio-9090-exec-10] ERROR o.f.teach.security.jwt.AuthEntryPointJwt           - Unauthorized error: /api/statistics/getMainPageData:Full authentication is required to access this resource
2023-12-10 00:29:21,921 [http-nio-9090-exec-10] INFO  o.f.teach.security.jwt.AuthTokenFilter             - /api/statistics/getMainPageData,,2023-12-10 00:29:21,0.001
2023-12-10 00:29:21,950 [http-nio-9090-exec-1] INFO  o.f.teach.security.jwt.AuthTokenFilter             - /auth/getValidateCode,,2023-12-10 00:29:21,0.004
2023-12-10 00:29:35,916 [http-nio-9090-exec-3] INFO  o.f.teach.security.jwt.AuthTokenFilter             - /auth/login,,2023-12-10 00:29:35,0.077
2023-12-10 00:29:36,121 [http-nio-9090-exec-9] INFO  o.f.teach.security.jwt.AuthTokenFilter             - /auth/getValidateCode,202200300050,2023-12-10 00:29:36,0.014
2023-12-10 00:29:36,249 [http-nio-9090-exec-6] INFO  o.f.teach.security.jwt.AuthTokenFilter             - /api/base/getMenuList,202200300050,2023-12-10 00:29:36,0.005
2023-12-10 00:29:36,300 [http-nio-9090-exec-5] INFO  o.f.teach.security.jwt.AuthTokenFilter             - /api/statistics/getMainPageData,202200300050,2023-12-10 00:29:36,0.005
2023-12-10 00:29:37,696 [http-nio-9090-exec-7] INFO  o.f.teach.security.jwt.AuthTokenFilter             - /api/base/getPhotoImageStr,202200300050,2023-12-10 00:29:37,0.066
2023-12-10 00:29:37,880 [http-nio-9090-exec-8] INFO  o.f.teach.security.jwt.AuthTokenFilter             - /api/statistics/getMainPageData,202200300050,2023-12-10 00:29:37,0.004
2023-12-10 00:31:14,794 [http-nio-9090-exec-2] INFO  o.f.teach.security.jwt.AuthTokenFilter             - /api/statistics/getMainPageData,202200300050,2023-12-10 00:31:14,0.005
2023-12-10 00:31:15,016 [http-nio-9090-exec-4] INFO  o.f.teach.security.jwt.AuthTokenFilter             - /api/base/getPhotoImageStr,202200300050,2023-12-10 00:31:14,0.227
2023-12-10 00:32:02,120 [http-nio-9090-exec-10] INFO  o.f.teach.security.jwt.AuthTokenFilter             - /api/base/getPhotoImageStr,202200300050,2023-12-10 00:32:02,0.092
2023-12-10 00:32:02,316 [http-nio-9090-exec-1] INFO  o.f.teach.security.jwt.AuthTokenFilter             - /auth/getValidateCode,202200300050,2023-12-10 00:32:02,0.018
2023-12-10 00:32:14,896 [http-nio-9090-exec-3] INFO  o.f.teach.security.jwt.AuthTokenFilter             - /auth/getValidateCode,,2023-12-10 00:32:14,0.003
2023-12-10 00:35:24,211 [http-nio-9090-exec-9] INFO  o.f.teach.security.jwt.AuthTokenFilter             - /auth/login,,2023-12-10 00:35:24,0.077
2023-12-10 00:35:24,289 [http-nio-9090-exec-6] INFO  o.f.teach.security.jwt.AuthTokenFilter             - /auth/getValidateCode,202200300050,2023-12-10 00:35:24,0.006
2023-12-10 00:35:24,616 [http-nio-9090-exec-5] INFO  o.f.teach.security.jwt.AuthTokenFilter             - /api/base/getMenuList,202200300050,2023-12-10 00:35:24,0.005
2023-12-10 00:35:24,932 [http-nio-9090-exec-7] INFO  o.f.teach.security.jwt.AuthTokenFilter             - /api/statistics/getMainPageData,202200300050,2023-12-10 00:35:24,0.007
2023-12-10 00:35:25,645 [http-nio-9090-exec-8] INFO  o.f.teach.security.jwt.AuthTokenFilter             - /api/base/getPhotoImageStr,202200300050,2023-12-10 00:35:25,0.068
2023-12-10 00:35:25,657 [http-nio-9090-exec-2] INFO  o.f.teach.security.jwt.AuthTokenFilter             - /api/statistics/getMainPageData,202200300050,2023-12-10 00:35:25,0.007
2023-12-10 00:48:03,296 [http-nio-9090-exec-4] INFO  o.f.teach.security.jwt.AuthTokenFilter             - /api/student/getStudentIntroduceData,202200300050,2023-12-10 00:48:03,0.008
2023-12-10 00:48:03,443 [http-nio-9090-exec-10] INFO  o.f.teach.security.jwt.AuthTokenFilter             - /api/statistics/getMainPageData,202200300050,2023-12-10 00:48:03,0.016
2023-12-10 00:48:03,567 [http-nio-9090-exec-1] INFO  o.f.teach.security.jwt.AuthTokenFilter             - /api/base/getPhotoImageStr,202200300050,2023-12-10 00:48:03,0.078
2023-12-10 00:48:11,990 [http-nio-9090-exec-3] ERROR o.f.teach.security.jwt.AuthEntryPointJwt           - Unauthorized error: /api/statistics/getMainPageData:Full authentication is required to access this resource
2023-12-10 00:48:11,990 [http-nio-9090-exec-3] INFO  o.f.teach.security.jwt.AuthTokenFilter             - /api/statistics/getMainPageData,,2023-12-10 00:48:11,0.0
2023-12-10 00:48:12,044 [http-nio-9090-exec-9] INFO  o.f.teach.security.jwt.AuthTokenFilter             - /auth/getValidateCode,,2023-12-10 00:48:12,0.015
2023-12-10 00:48:14,142 [http-nio-9090-exec-6] INFO  o.f.teach.security.jwt.AuthTokenFilter             - /auth/login,,2023-12-10 00:48:14,0.061
2023-12-10 00:48:14,513 [http-nio-9090-exec-7] INFO  o.f.teach.security.jwt.AuthTokenFilter             - /api/base/getMenuList,202200300050,2023-12-10 00:48:14,0.01
2023-12-10 00:48:14,516 [http-nio-9090-exec-5] INFO  o.f.teach.security.jwt.AuthTokenFilter             - /auth/getValidateCode,202200300050,2023-12-10 00:48:14,0.005
2023-12-10 00:48:14,756 [http-nio-9090-exec-8] INFO  o.f.teach.security.jwt.AuthTokenFilter             - /api/statistics/getMainPageData,202200300050,2023-12-10 00:48:14,0.004
2023-12-10 00:48:15,700 [http-nio-9090-exec-2] ERROR o.f.teach.security.jwt.AuthEntryPointJwt           - Unauthorized error: /api/student/getStudentIntroduceData:Full authentication is required to access this resource
2023-12-10 00:48:15,701 [http-nio-9090-exec-2] INFO  o.f.teach.security.jwt.AuthTokenFilter             - /api/student/getStudentIntroduceData,,2023-12-10 00:48:15,0.001
2023-12-10 00:48:15,755 [http-nio-9090-exec-4] ERROR o.f.teach.security.jwt.AuthEntryPointJwt           - Unauthorized error: /api/statistics/getMainPageData:Full authentication is required to access this resource
2023-12-10 00:48:15,756 [http-nio-9090-exec-4] INFO  o.f.teach.security.jwt.AuthTokenFilter             - /api/statistics/getMainPageData,,2023-12-10 00:48:15,0.001
2023-12-10 00:48:30,415 [http-nio-9090-exec-10] ERROR o.f.teach.security.jwt.AuthEntryPointJwt           - Unauthorized error: /api/base/getPhotoImageStr:Full authentication is required to access this resource
2023-12-10 00:48:30,416 [http-nio-9090-exec-10] INFO  o.f.teach.security.jwt.AuthTokenFilter             - /api/base/getPhotoImageStr,,2023-12-10 00:48:30,0.001
2023-12-10 00:48:30,639 [http-nio-9090-exec-1] ERROR o.f.teach.security.jwt.AuthEntryPointJwt           - Unauthorized error: /api/statistics/getMainPageData:Full authentication is required to access this resource
2023-12-10 00:48:30,639 [http-nio-9090-exec-1] INFO  o.f.teach.security.jwt.AuthTokenFilter             - /api/statistics/getMainPageData,,2023-12-10 00:48:30,0.001
2023-12-10 00:48:37,203 [http-nio-9090-exec-3] ERROR o.f.teach.security.jwt.AuthEntryPointJwt           - Unauthorized error: /api/base/getPhotoImageStr:Full authentication is required to access this resource
2023-12-10 00:48:37,203 [http-nio-9090-exec-3] INFO  o.f.teach.security.jwt.AuthTokenFilter             - /api/base/getPhotoImageStr,,2023-12-10 00:48:37,0.001
2023-12-10 00:48:37,230 [http-nio-9090-exec-9] INFO  o.f.teach.security.jwt.AuthTokenFilter             - /auth/getValidateCode,,2023-12-10 00:48:37,0.003
2023-12-10 00:48:38,607 [http-nio-9090-exec-6] INFO  o.f.teach.security.jwt.AuthTokenFilter             - /auth/login,,2023-12-10 00:48:38,0.074
2023-12-10 00:48:38,627 [http-nio-9090-exec-7] INFO  o.f.teach.security.jwt.AuthTokenFilter             - /auth/getValidateCode,202200300050,2023-12-10 00:48:38,0.004
2023-12-10 00:48:38,640 [http-nio-9090-exec-5] INFO  o.f.teach.security.jwt.AuthTokenFilter             - /api/base/getMenuList,202200300050,2023-12-10 00:48:38,0.006
2023-12-10 00:48:38,713 [http-nio-9090-exec-8] INFO  o.f.teach.security.jwt.AuthTokenFilter             - /api/statistics/getMainPageData,202200300050,2023-12-10 00:48:38,0.007
2023-12-10 00:48:39,594 [http-nio-9090-exec-2] INFO  o.f.teach.security.jwt.AuthTokenFilter             - /api/base/getPhotoImageStr,202200300050,2023-12-10 00:48:39,0.08
2023-12-10 00:48:39,608 [http-nio-9090-exec-4] INFO  o.f.teach.security.jwt.AuthTokenFilter             - /api/statistics/getMainPageData,202200300050,2023-12-10 00:48:39,0.005
2023-12-10 00:48:54,712 [http-nio-9090-exec-10] ERROR o.f.teach.security.jwt.AuthEntryPointJwt           - Unauthorized error: /api/statistics/getMainPageData:Full authentication is required to access this resource
2023-12-10 00:48:54,712 [http-nio-9090-exec-10] INFO  o.f.teach.security.jwt.AuthTokenFilter             - /api/statistics/getMainPageData,,2023-12-10 00:48:54,0.001
2023-12-10 00:48:54,742 [http-nio-9090-exec-1] INFO  o.f.teach.security.jwt.AuthTokenFilter             - /auth/getValidateCode,,2023-12-10 00:48:54,0.005
2023-12-10 00:48:56,792 [http-nio-9090-exec-3] INFO  o.f.teach.security.jwt.AuthTokenFilter             - /auth/login,,2023-12-10 00:48:56,0.075
2023-12-10 00:48:57,119 [http-nio-9090-exec-6] INFO  o.f.teach.security.jwt.AuthTokenFilter             - /api/base/getMenuList,202200300050,2023-12-10 00:48:57,0.004
2023-12-10 00:48:57,130 [http-nio-9090-exec-9] INFO  o.f.teach.security.jwt.AuthTokenFilter             - /auth/getValidateCode,202200300050,2023-12-10 00:48:57,0.015
2023-12-10 00:48:57,383 [http-nio-9090-exec-7] INFO  o.f.teach.security.jwt.AuthTokenFilter             - /api/statistics/getMainPageData,202200300050,2023-12-10 00:48:57,0.005
2023-12-10 00:48:58,045 [http-nio-9090-exec-5] INFO  o.f.teach.security.jwt.AuthTokenFilter             - /api/base/getPhotoImageStr,202200300050,2023-12-10 00:48:57,0.072
2023-12-10 00:48:58,058 [http-nio-9090-exec-8] INFO  o.f.teach.security.jwt.AuthTokenFilter             - /api/statistics/getMainPageData,202200300050,2023-12-10 00:48:58,0.007
2023-12-10 00:49:00,913 [http-nio-9090-exec-2] ERROR o.f.teach.security.jwt.AuthEntryPointJwt           - Unauthorized error: /api/statistics/getMainPageData:Full authentication is required to access this resource
2023-12-10 00:49:00,913 [http-nio-9090-exec-2] INFO  o.f.teach.security.jwt.AuthTokenFilter             - /api/statistics/getMainPageData,,2023-12-10 00:49:00,0.0
2023-12-10 00:49:00,946 [http-nio-9090-exec-4] INFO  o.f.teach.security.jwt.AuthTokenFilter             - /auth/getValidateCode,,2023-12-10 00:49:00,0.007
2023-12-10 00:49:01,806 [http-nio-9090-exec-10] INFO  o.f.teach.security.jwt.AuthTokenFilter             - /auth/login,,2023-12-10 00:49:01,0.075
2023-12-10 00:49:01,826 [http-nio-9090-exec-1] INFO  o.f.teach.security.jwt.AuthTokenFilter             - /auth/getValidateCode,teacher1,2023-12-10 00:49:01,0.009
2023-12-10 00:49:02,138 [http-nio-9090-exec-3] INFO  o.f.teach.security.jwt.AuthTokenFilter             - /api/base/getMenuList,teacher1,2023-12-10 00:49:02,0.005
2023-12-10 00:49:02,401 [http-nio-9090-exec-6] INFO  o.f.teach.security.jwt.AuthTokenFilter             - /api/statistics/getMainPageData,teacher1,2023-12-10 00:49:02,0.005
2023-12-10 00:49:02,971 [http-nio-9090-exec-9] INFO  o.f.teach.security.jwt.AuthTokenFilter             - /api/base/getPhotoImageStr,teacher1,2023-12-10 00:49:02,0.004
2023-12-10 00:49:03,027 [http-nio-9090-exec-7] INFO  o.f.teach.security.jwt.AuthTokenFilter             - /api/statistics/getMainPageData,teacher1,2023-12-10 00:49:03,0.006
2023-12-10 00:49:04,470 [http-nio-9090-exec-5] ERROR o.f.teach.security.jwt.AuthEntryPointJwt           - Unauthorized error: /api/statistics/getMainPageData:Full authentication is required to access this resource
2023-12-10 00:49:04,470 [http-nio-9090-exec-5] INFO  o.f.teach.security.jwt.AuthTokenFilter             - /api/statistics/getMainPageData,,2023-12-10 00:49:04,0.0
2023-12-10 00:49:04,505 [http-nio-9090-exec-8] INFO  o.f.teach.security.jwt.AuthTokenFilter             - /auth/getValidateCode,,2023-12-10 00:49:04,0.005
2023-12-10 00:49:05,315 [http-nio-9090-exec-2] INFO  o.f.teach.security.jwt.AuthTokenFilter             - /auth/login,,2023-12-10 00:49:05,0.076
2023-12-10 00:49:05,339 [http-nio-9090-exec-4] INFO  o.f.teach.security.jwt.AuthTokenFilter             - /auth/getValidateCode,admin,2023-12-10 00:49:05,0.007
2023-12-10 00:49:05,354 [http-nio-9090-exec-10] INFO  o.f.teach.security.jwt.AuthTokenFilter             - /api/base/getMenuList,admin,2023-12-10 00:49:05,0.007
2023-12-10 00:49:05,715 [http-nio-9090-exec-1] INFO  o.f.teach.security.jwt.AuthTokenFilter             - /api/statistics/getMainPageData,admin,2023-12-10 00:49:05,0.005
2023-12-10 00:49:06,290 [http-nio-9090-exec-3] INFO  o.f.teach.security.jwt.AuthTokenFilter             - /api/base/getPhotoImageStr,admin,2023-12-10 00:49:06,0.005
2023-12-10 00:49:06,354 [http-nio-9090-exec-6] INFO  o.f.teach.security.jwt.AuthTokenFilter             - /api/statistics/getMainPageData,admin,2023-12-10 00:49:06,0.005
2023-12-10 00:49:18,076 [http-nio-9090-exec-9] INFO  o.f.teach.security.jwt.AuthTokenFilter             - /api/base/getPhotoImageStr,admin,2023-12-10 00:49:18,0.01
2023-12-10 00:49:18,139 [http-nio-9090-exec-7] INFO  o.f.teach.security.jwt.AuthTokenFilter             - /auth/getValidateCode,admin,2023-12-10 00:49:18,0.008
2023-12-10 00:49:20,058 [http-nio-9090-exec-5] INFO  o.f.teach.security.jwt.AuthTokenFilter             - /auth/getValidateCode,,2023-12-10 00:49:20,0.006
2023-12-10 00:49:21,483 [http-nio-9090-exec-8] INFO  o.f.teach.security.jwt.AuthTokenFilter             - /auth/login,,2023-12-10 00:49:21,0.099
2023-12-10 00:49:21,503 [http-nio-9090-exec-2] INFO  o.f.teach.security.jwt.AuthTokenFilter             - /auth/getValidateCode,202200300050,2023-12-10 00:49:21,0.005
2023-12-10 00:49:21,519 [http-nio-9090-exec-4] INFO  o.f.teach.security.jwt.AuthTokenFilter             - /api/base/getMenuList,202200300050,2023-12-10 00:49:21,0.006
2023-12-10 00:49:21,920 [http-nio-9090-exec-10] INFO  o.f.teach.security.jwt.AuthTokenFilter             - /api/statistics/getMainPageData,202200300050,2023-12-10 00:49:21,0.007
2023-12-10 00:49:22,469 [http-nio-9090-exec-3] INFO  o.f.teach.security.jwt.AuthTokenFilter             - /api/statistics/getMainPageData,202200300050,2023-12-10 00:49:22,0.011
2023-12-10 00:49:22,527 [http-nio-9090-exec-1] INFO  o.f.teach.security.jwt.AuthTokenFilter             - /api/base/getPhotoImageStr,202200300050,2023-12-10 00:49:22,0.121
2023-12-10 00:49:27,460 [http-nio-9090-exec-6] INFO  o.f.teach.security.jwt.AuthTokenFilter             - /api/base/uploadPhotoWeb,202200300050,2023-12-10 00:49:27,0.131
2023-12-10 00:49:27,974 [http-nio-9090-exec-7] INFO  o.f.teach.security.jwt.AuthTokenFilter             - /api/statistics/getMainPageData,202200300050,2023-12-10 00:49:27,0.009
2023-12-10 00:49:28,007 [http-nio-9090-exec-9] INFO  o.f.teach.security.jwt.AuthTokenFilter             - /api/base/getPhotoImageStr,202200300050,2023-12-10 00:49:27,0.126
2023-12-10 00:49:43,873 [http-nio-9090-exec-5] INFO  o.f.teach.security.jwt.AuthTokenFilter             - /api/base/getPhotoImageStr,202200300050,2023-12-10 00:49:43,0.161
2023-12-10 00:49:43,978 [http-nio-9090-exec-8] INFO  o.f.teach.security.jwt.AuthTokenFilter             - /api/statistics/getMainPageData,202200300050,2023-12-10 00:49:43,0.006
2023-12-10 00:49:57,242 [http-nio-9090-exec-2] INFO  o.f.teach.security.jwt.AuthTokenFilter             - /api/base/getPhotoImageStr,202200300050,2023-12-10 00:49:57,0.111
2023-12-10 00:49:57,274 [http-nio-9090-exec-4] INFO  o.f.teach.security.jwt.AuthTokenFilter             - /api/statistics/getMainPageData,202200300050,2023-12-10 00:49:57,0.005
2023-12-10 00:49:57,415 [http-nio-9090-exec-10] INFO  o.f.teach.security.jwt.AuthTokenFilter             - /api/student/getStudentIntroduceData,202200300050,2023-12-10 00:49:57,0.006
2023-12-10 00:50:01,154 [http-nio-9090-exec-3] ERROR o.f.teach.security.jwt.AuthEntryPointJwt           - Unauthorized error: /api/statistics/getMainPageData:Full authentication is required to access this resource
2023-12-10 00:50:01,155 [http-nio-9090-exec-3] INFO  o.f.teach.security.jwt.AuthTokenFilter             - /api/statistics/getMainPageData,,2023-12-10 00:50:01,0.001
2023-12-10 00:50:01,511 [http-nio-9090-exec-1] INFO  o.f.teach.security.jwt.AuthTokenFilter             - /auth/getValidateCode,,2023-12-10 00:50:01,0.004
2023-12-10 00:50:02,542 [http-nio-9090-exec-6] INFO  o.f.teach.security.jwt.AuthTokenFilter             - /auth/login,,2023-12-10 00:50:02,0.091
2023-12-10 00:50:02,914 [http-nio-9090-exec-7] INFO  o.f.teach.security.jwt.AuthTokenFilter             - /auth/getValidateCode,202200300050,2023-12-10 00:50:02,0.016
2023-12-10 00:50:02,917 [http-nio-9090-exec-9] INFO  o.f.teach.security.jwt.AuthTokenFilter             - /api/base/getMenuList,202200300050,2023-12-10 00:50:02,0.005
2023-12-10 00:50:03,170 [http-nio-9090-exec-5] INFO  o.f.teach.security.jwt.AuthTokenFilter             - /api/statistics/getMainPageData,202200300050,2023-12-10 00:50:03,0.006
2023-12-10 00:50:03,962 [http-nio-9090-exec-2] INFO  o.f.teach.security.jwt.AuthTokenFilter             - /api/statistics/getMainPageData,202200300050,2023-12-10 00:50:03,0.007
2023-12-10 00:50:03,971 [http-nio-9090-exec-8] INFO  o.f.teach.security.jwt.AuthTokenFilter             - /api/base/getPhotoImageStr,202200300050,2023-12-10 00:50:03,0.107
2023-12-10 00:50:04,048 [http-nio-9090-exec-4] INFO  o.f.teach.security.jwt.AuthTokenFilter             - /api/student/getStudentIntroduceData,202200300050,2023-12-10 00:50:04,0.008
2023-12-10 00:51:40,112 [http-nio-9090-exec-3] INFO  o.f.teach.security.jwt.AuthTokenFilter             - /api/statistics/getMainPageData,202200300050,2023-12-10 00:51:40,0.006
2023-12-10 00:51:40,127 [http-nio-9090-exec-10] INFO  o.f.teach.security.jwt.AuthTokenFilter             - /api/base/getPhotoImageStr,202200300050,2023-12-10 00:51:39,0.147
2023-12-10 00:51:40,228 [http-nio-9090-exec-1] INFO  o.f.teach.security.jwt.AuthTokenFilter             - /api/student/getStudentIntroduceData,202200300050,2023-12-10 00:51:40,0.005
2023-12-10 00:51:49,350 [http-nio-9090-exec-6] ERROR o.f.teach.security.jwt.AuthEntryPointJwt           - Unauthorized error: /api/statistics/getMainPageData:Full authentication is required to access this resource
2023-12-10 00:51:49,350 [http-nio-9090-exec-6] INFO  o.f.teach.security.jwt.AuthTokenFilter             - /api/statistics/getMainPageData,,2023-12-10 00:51:49,0.0
2023-12-10 00:51:49,402 [http-nio-9090-exec-7] INFO  o.f.teach.security.jwt.AuthTokenFilter             - /auth/getValidateCode,,2023-12-10 00:51:49,0.004
2023-12-10 00:52:12,092 [http-nio-9090-exec-9] INFO  o.f.teach.security.jwt.AuthTokenFilter             - /auth/login,,2023-12-10 00:52:12,0.09
2023-12-10 00:52:12,163 [http-nio-9090-exec-5] INFO  o.f.teach.security.jwt.AuthTokenFilter             - /auth/getValidateCode,202200300050,2023-12-10 00:52:12,0.01
2023-12-10 00:52:12,166 [http-nio-9090-exec-2] INFO  o.f.teach.security.jwt.AuthTokenFilter             - /api/base/getMenuList,202200300050,2023-12-10 00:52:12,0.006
2023-12-10 00:52:12,527 [http-nio-9090-exec-8] INFO  o.f.teach.security.jwt.AuthTokenFilter             - /api/statistics/getMainPageData,202200300050,2023-12-10 00:52:12,0.003
2023-12-10 00:52:13,734 [http-nio-9090-exec-4] INFO  o.f.teach.security.jwt.AuthTokenFilter             - /api/base/getPhotoImageStr,202200300050,2023-12-10 00:52:13,0.115
2023-12-10 00:52:13,763 [http-nio-9090-exec-3] INFO  o.f.teach.security.jwt.AuthTokenFilter             - /api/statistics/getMainPageData,202200300050,2023-12-10 00:52:13,0.006
2023-12-10 00:52:13,800 [http-nio-9090-exec-10] INFO  o.f.teach.security.jwt.AuthTokenFilter             - /api/student/getStudentIntroduceData,202200300050,2023-12-10 00:52:13,0.008
2023-12-10 00:53:01,119 [http-nio-9090-exec-1] INFO  o.f.teach.security.jwt.AuthTokenFilter             - /api/base/getPhotoImageStr,202200300050,2023-12-10 00:53:00,0.144
2023-12-10 00:53:01,129 [http-nio-9090-exec-6] INFO  o.f.teach.security.jwt.AuthTokenFilter             - /api/statistics/getMainPageData,202200300050,2023-12-10 00:53:01,0.006
2023-12-10 00:53:01,250 [http-nio-9090-exec-7] INFO  o.f.teach.security.jwt.AuthTokenFilter             - /api/student/getStudentIntroduceData,202200300050,2023-12-10 00:53:01,0.007
2023-12-10 00:54:07,928 [http-nio-9090-exec-9] INFO  o.f.teach.security.jwt.AuthTokenFilter             - /api/base/getPhotoImageStr,202200300050,2023-12-10 00:54:07,0.081
2023-12-10 00:54:08,018 [http-nio-9090-exec-5] INFO  o.f.teach.security.jwt.AuthTokenFilter             - /api/student/getStudentIntroduceData,202200300050,2023-12-10 00:54:08,0.006
2023-12-10 00:54:08,305 [http-nio-9090-exec-2] INFO  o.f.teach.security.jwt.AuthTokenFilter             - /api/statistics/getMainPageData,202200300050,2023-12-10 00:54:08,0.006
2023-12-10 00:56:17,281 [http-nio-9090-exec-8] INFO  o.f.teach.security.jwt.AuthTokenFilter             - /api/base/getPhotoImageStr,202200300050,2023-12-10 00:56:17,0.071
2023-12-10 00:56:17,358 [http-nio-9090-exec-4] INFO  o.f.teach.security.jwt.AuthTokenFilter             - /api/student/getStudentIntroduceData,202200300050,2023-12-10 00:56:17,0.02
2023-12-10 00:56:17,481 [http-nio-9090-exec-3] INFO  o.f.teach.security.jwt.AuthTokenFilter             - /api/statistics/getMainPageData,202200300050,2023-12-10 00:56:17,0.006
2023-12-10 00:58:28,635 [http-nio-9090-exec-10] INFO  o.f.teach.security.jwt.AuthTokenFilter             - /api/base/getPhotoImageStr,202200300050,2023-12-10 00:58:28,0.121
2023-12-10 00:58:28,636 [http-nio-9090-exec-1] INFO  o.f.teach.security.jwt.AuthTokenFilter             - /api/statistics/getMainPageData,202200300050,2023-12-10 00:58:28,0.014
2023-12-10 00:58:28,684 [http-nio-9090-exec-6] INFO  o.f.teach.security.jwt.AuthTokenFilter             - /api/student/getStudentIntroduceData,202200300050,2023-12-10 00:58:28,0.004
2023-12-10 01:07:16,562 [http-nio-9090-exec-7] INFO  o.f.teach.security.jwt.AuthTokenFilter             - /api/student/getStudentIntroduceData,202200300050,2023-12-10 01:07:16,0.008
2023-12-10 01:07:16,632 [http-nio-9090-exec-9] INFO  o.f.teach.security.jwt.AuthTokenFilter             - /api/base/getPhotoImageStr,202200300050,2023-12-10 01:07:16,0.064
2023-12-10 01:07:40,226 [http-nio-9090-exec-2] INFO  o.f.teach.security.jwt.AuthTokenFilter             - /api/student/getStudentIntroduceData,202200300050,2023-12-10 01:07:40,0.003
2023-12-10 01:07:40,306 [http-nio-9090-exec-5] INFO  o.f.teach.security.jwt.AuthTokenFilter             - /api/base/getPhotoImageStr,202200300050,2023-12-10 01:07:40,0.083
2023-12-10 01:07:40,669 [http-nio-9090-exec-8] INFO  o.f.teach.security.jwt.AuthTokenFilter             - /api/base/getPhotoImageStr,202200300050,2023-12-10 01:07:40,0.078
2023-12-10 01:07:40,702 [http-nio-9090-exec-4] INFO  o.f.teach.security.jwt.AuthTokenFilter             - /api/student/getStudentIntroduceData,202200300050,2023-12-10 01:07:40,0.004
2023-12-10 01:32:56,194 [http-nio-9090-exec-10] INFO  o.f.teach.security.jwt.AuthTokenFilter             - /api/student/getStudentIntroduceData,202200300050,2023-12-10 01:32:55,0.242
2023-12-10 01:32:56,338 [http-nio-9090-exec-3] INFO  o.f.teach.security.jwt.AuthTokenFilter             - /api/base/getPhotoImageStr,202200300050,2023-12-10 01:32:55,0.387
2023-12-10 01:32:56,801 [http-nio-9090-exec-6] INFO  o.f.teach.security.jwt.AuthTokenFilter             - /api/student/getStudentIntroduceData,202200300050,2023-12-10 01:32:56,0.012
2023-12-10 01:32:56,971 [http-nio-9090-exec-1] INFO  o.f.teach.security.jwt.AuthTokenFilter             - /api/base/getPhotoImageStr,202200300050,2023-12-10 01:32:56,0.759
2023-12-10 01:43:31,909 [http-nio-9090-exec-7] INFO  o.f.teach.security.jwt.AuthTokenFilter             - /api/base/getPhotoImageStr,202200300050,2023-12-10 01:43:31,0.114
2023-12-10 01:43:31,917 [http-nio-9090-exec-9] INFO  o.f.teach.security.jwt.AuthTokenFilter             - /api/student/getStudentIntroduceData,202200300050,2023-12-10 01:43:31,0.011
2023-12-10 01:43:32,090 [http-nio-9090-exec-2] INFO  o.f.teach.security.jwt.AuthTokenFilter             - /api/student/getStudentIntroduceData,202200300050,2023-12-10 01:43:32,0.007
2023-12-10 01:43:32,178 [http-nio-9090-exec-5] INFO  o.f.teach.security.jwt.AuthTokenFilter             - /api/base/getPhotoImageStr,202200300050,2023-12-10 01:43:32,0.094
2023-12-10 02:01:13,180 [http-nio-9090-exec-8] INFO  o.f.teach.security.jwt.AuthTokenFilter             - /api/statistics/getMainPageData,202200300050,2023-12-10 02:01:13,0.022
2023-12-10 02:01:14,934 [http-nio-9090-exec-4] INFO  o.f.teach.security.jwt.AuthTokenFilter             - /api/student/getStudentIntroduceData,202200300050,2023-12-10 02:01:14,0.012
2023-12-10 02:01:15,355 [http-nio-9090-exec-10] INFO  o.f.teach.security.jwt.AuthTokenFilter             - /api/base/getPhotoImageStr,202200300050,2023-12-10 02:01:15,0.1
2023-12-10 02:01:17,837 [http-nio-9090-exec-3] INFO  o.f.teach.security.jwt.AuthTokenFilter             - /api/student/getStudentIntroduceData,202200300050,2023-12-10 02:01:17,0.009
2023-12-10 02:01:18,317 [http-nio-9090-exec-6] INFO  o.f.teach.security.jwt.AuthTokenFilter             - /api/base/getPhotoImageStr,202200300050,2023-12-10 02:01:18,0.075
2023-12-10 02:04:01,686 [http-nio-9090-exec-1] INFO  o.f.teach.security.jwt.AuthTokenFilter             - /api/student/getStudentIntroduceData,202200300050,2023-12-10 02:04:01,0.012
2023-12-10 02:04:01,886 [http-nio-9090-exec-7] INFO  o.f.teach.security.jwt.AuthTokenFilter             - /api/score/getScoreList,202200300050,2023-12-10 02:04:01,0.013
2023-12-10 02:04:02,035 [http-nio-9090-exec-9] INFO  o.f.teach.security.jwt.AuthTokenFilter             - /api/score/getStudentItemOptionList,202200300050,2023-12-10 02:04:02,0.006
2023-12-10 02:04:02,219 [http-nio-9090-exec-2] INFO  o.f.teach.security.jwt.AuthTokenFilter             - /api/score/getCourseItemOptionList,202200300050,2023-12-10 02:04:02,0.018
2023-12-10 02:05:39,265 [http-nio-9090-exec-5] INFO  o.f.teach.security.jwt.AuthTokenFilter             - /api/student/getStudentIntroduceData,202200300050,2023-12-10 02:05:39,0.006
2023-12-10 02:05:39,670 [http-nio-9090-exec-8] INFO  o.f.teach.security.jwt.AuthTokenFilter             - /api/base/getPhotoImageStr,202200300050,2023-12-10 02:05:39,0.154
2023-12-10 02:05:39,704 [http-nio-9090-exec-4] INFO  o.f.teach.security.jwt.AuthTokenFilter             - /api/statistics/getMainPageData,202200300050,2023-12-10 02:05:39,0.007
2023-12-10 02:05:40,117 [http-nio-9090-exec-10] INFO  o.f.teach.security.jwt.AuthTokenFilter             - /api/student/getStudentIntroduceData,202200300050,2023-12-10 02:05:40,0.007
2023-12-10 02:05:40,526 [http-nio-9090-exec-3] INFO  o.f.teach.security.jwt.AuthTokenFilter             - /api/base/getPhotoImageStr,202200300050,2023-12-10 02:05:40,0.087
2023-12-10 02:05:40,892 [http-nio-9090-exec-6] INFO  o.f.teach.security.jwt.AuthTokenFilter             - /api/statistics/getMainPageData,202200300050,2023-12-10 02:05:40,0.005
2023-12-10 02:05:42,060 [http-nio-9090-exec-1] INFO  o.f.teach.security.jwt.AuthTokenFilter             - /api/student/getStudentIntroduceData,202200300050,2023-12-10 02:05:42,0.005
2023-12-10 02:05:42,392 [http-nio-9090-exec-7] INFO  o.f.teach.security.jwt.AuthTokenFilter             - /api/base/getPhotoImageStr,202200300050,2023-12-10 02:05:42,0.074
2023-12-10 02:14:48,400 [http-nio-9090-exec-9] INFO  o.f.teach.security.jwt.AuthTokenFilter             - /api/statistics/getMainPageData,202200300050,2023-12-10 02:14:48,0.005
2023-12-10 02:14:51,204 [http-nio-9090-exec-2] INFO  o.f.teach.security.jwt.AuthTokenFilter             - /api/student/getStudentIntroduceData,202200300050,2023-12-10 02:14:51,0.015
2023-12-10 02:14:51,541 [http-nio-9090-exec-5] INFO  o.f.teach.security.jwt.AuthTokenFilter             - /api/base/getPhotoImageStr,202200300050,2023-12-10 02:14:51,0.106
2023-12-10 02:14:51,574 [http-nio-9090-exec-8] INFO  o.f.teach.security.jwt.AuthTokenFilter             - /api/statistics/getMainPageData,202200300050,2023-12-10 02:14:51,0.005
2023-12-10 02:15:43,970 [http-nio-9090-exec-10] INFO  o.f.teach.security.jwt.AuthTokenFilter             - /api/statistics/getMainPageData,202200300050,2023-12-10 02:15:43,0.006
2023-12-10 02:15:44,080 [http-nio-9090-exec-4] INFO  o.f.teach.security.jwt.AuthTokenFilter             - /api/base/getPhotoImageStr,202200300050,2023-12-10 02:15:43,0.116
2023-12-10 02:15:44,140 [http-nio-9090-exec-3] INFO  o.f.teach.security.jwt.AuthTokenFilter             - /api/student/getStudentIntroduceData,202200300050,2023-12-10 02:15:44,0.005
2023-12-10 02:15:49,981 [SpringApplicationShutdownHook] INFO  o.s.o.j.LocalContainerEntityManagerFactoryBean     - Closing JPA EntityManagerFactory for persistence unit 'default'
2023-12-10 02:15:49,989 [SpringApplicationShutdownHook] INFO  com.zaxxer.hikari.HikariDataSource                 - HikariPool-1 - Shutdown initiated...
2023-12-10 02:15:49,993 [SpringApplicationShutdownHook] INFO  com.zaxxer.hikari.HikariDataSource                 - HikariPool-1 - Shutdown completed.
